{"C:\\Users\\abdul\\Documents\\Abdullah-Bahy\\Hacktiv8\\Final-Project\\cari-barengan-server\\server\\app.js": {"path":"C:\\Users\\abdul\\Documents\\Abdullah-Bahy\\Hacktiv8\\Final-Project\\cari-barengan-server\\server\\app.js","statementMap":{"0":{"start":{"line":1,"column":0},"end":{"line":3,"column":1}},"1":{"start":{"line":2,"column":2},"end":{"line":2,"column":29}},"2":{"start":{"line":5,"column":16},"end":{"line":5,"column":34}},"3":{"start":{"line":6,"column":12},"end":{"line":6,"column":21}},"4":{"start":{"line":7,"column":13},"end":{"line":7,"column":28}},"5":{"start":{"line":8,"column":21},"end":{"line":8,"column":58}},"6":{"start":{"line":9,"column":15},"end":{"line":9,"column":34}},"7":{"start":{"line":11,"column":0},"end":{"line":11,"column":16}},"8":{"start":{"line":12,"column":0},"end":{"line":12,"column":24}},"9":{"start":{"line":13,"column":0},"end":{"line":13,"column":48}},"10":{"start":{"line":15,"column":0},"end":{"line":15,"column":16}},"11":{"start":{"line":17,"column":0},"end":{"line":17,"column":22}},"12":{"start":{"line":19,"column":0},"end":{"line":19,"column":20}}},"fnMap":{},"branchMap":{"0":{"loc":{"start":{"line":1,"column":0},"end":{"line":3,"column":1}},"type":"if","locations":[{"start":{"line":1,"column":0},"end":{"line":3,"column":1}},{"start":{},"end":{}}],"line":1}},"s":{"0":12,"1":12,"2":12,"3":12,"4":12,"5":12,"6":12,"7":12,"8":12,"9":12,"10":12,"11":12,"12":12},"f":{},"b":{"0":[12,0]},"_coverageSchema":"1a1c01bbd47fc00a2c39e90264f33305004495a9","hash":"e13cb0a7d6fc72d9fe3e3d25c0c5fb614bb0f597"}
,"C:\\Users\\abdul\\Documents\\Abdullah-Bahy\\Hacktiv8\\Final-Project\\cari-barengan-server\\server\\Controllers\\admin\\articleController.js": {"path":"C:\\Users\\abdul\\Documents\\Abdullah-Bahy\\Hacktiv8\\Final-Project\\cari-barengan-server\\server\\Controllers\\admin\\articleController.js","statementMap":{"0":{"start":{"line":1,"column":26},"end":{"line":1,"column":49}},"1":{"start":{"line":2,"column":23},"end":{"line":2,"column":65}},"2":{"start":{"line":7,"column":4},"end":{"line":28,"column":5}},"3":{"start":{"line":8,"column":37},"end":{"line":8,"column":45}},"4":{"start":{"line":9,"column":6},"end":{"line":9,"column":64}},"5":{"start":{"line":10,"column":24},"end":{"line":10,"column":54}},"6":{"start":{"line":12,"column":6},"end":{"line":12,"column":50}},"7":{"start":{"line":14,"column":6},"end":{"line":16,"column":7}},"8":{"start":{"line":15,"column":8},"end":{"line":15,"column":63}},"9":{"start":{"line":18,"column":25},"end":{"line":23,"column":8}},"10":{"start":{"line":25,"column":6},"end":{"line":25,"column":38}},"11":{"start":{"line":27,"column":6},"end":{"line":27,"column":15}},"12":{"start":{"line":32,"column":4},"end":{"line":43,"column":5}},"13":{"start":{"line":33,"column":23},"end":{"line":38,"column":8}},"14":{"start":{"line":40,"column":6},"end":{"line":40,"column":36}},"15":{"start":{"line":42,"column":6},"end":{"line":42,"column":15}},"16":{"start":{"line":47,"column":4},"end":{"line":63,"column":5}},"17":{"start":{"line":48,"column":22},"end":{"line":54,"column":8}},"18":{"start":{"line":56,"column":6},"end":{"line":58,"column":7}},"19":{"start":{"line":57,"column":8},"end":{"line":57,"column":57}},"20":{"start":{"line":60,"column":6},"end":{"line":60,"column":35}},"21":{"start":{"line":62,"column":6},"end":{"line":62,"column":15}},"22":{"start":{"line":67,"column":4},"end":{"line":87,"column":5}},"23":{"start":{"line":68,"column":47},"end":{"line":68,"column":55}},"24":{"start":{"line":70,"column":22},"end":{"line":70,"column":59}},"25":{"start":{"line":72,"column":6},"end":{"line":74,"column":7}},"26":{"start":{"line":73,"column":8},"end":{"line":73,"column":57}},"27":{"start":{"line":76,"column":6},"end":{"line":80,"column":8}},"28":{"start":{"line":82,"column":6},"end":{"line":84,"column":8}},"29":{"start":{"line":86,"column":6},"end":{"line":86,"column":15}},"30":{"start":{"line":91,"column":4},"end":{"line":105,"column":5}},"31":{"start":{"line":92,"column":22},"end":{"line":92,"column":59}},"32":{"start":{"line":94,"column":6},"end":{"line":96,"column":7}},"33":{"start":{"line":95,"column":8},"end":{"line":95,"column":57}},"34":{"start":{"line":98,"column":6},"end":{"line":98,"column":29}},"35":{"start":{"line":100,"column":6},"end":{"line":102,"column":8}},"36":{"start":{"line":104,"column":6},"end":{"line":104,"column":15}},"37":{"start":{"line":109,"column":0},"end":{"line":109,"column":34}}},"fnMap":{"0":{"name":"(anonymous_0)","decl":{"start":{"line":6,"column":2},"end":{"line":6,"column":3}},"loc":{"start":{"line":6,"column":38},"end":{"line":29,"column":3}},"line":6},"1":{"name":"(anonymous_1)","decl":{"start":{"line":31,"column":2},"end":{"line":31,"column":3}},"loc":{"start":{"line":31,"column":38},"end":{"line":44,"column":3}},"line":31},"2":{"name":"(anonymous_2)","decl":{"start":{"line":46,"column":2},"end":{"line":46,"column":3}},"loc":{"start":{"line":46,"column":39},"end":{"line":64,"column":3}},"line":46},"3":{"name":"(anonymous_3)","decl":{"start":{"line":66,"column":2},"end":{"line":66,"column":3}},"loc":{"start":{"line":66,"column":42},"end":{"line":88,"column":3}},"line":66},"4":{"name":"(anonymous_4)","decl":{"start":{"line":90,"column":2},"end":{"line":90,"column":3}},"loc":{"start":{"line":90,"column":42},"end":{"line":106,"column":3}},"line":90}},"branchMap":{"0":{"loc":{"start":{"line":14,"column":6},"end":{"line":16,"column":7}},"type":"if","locations":[{"start":{"line":14,"column":6},"end":{"line":16,"column":7}},{"start":{},"end":{}}],"line":14},"1":{"loc":{"start":{"line":56,"column":6},"end":{"line":58,"column":7}},"type":"if","locations":[{"start":{"line":56,"column":6},"end":{"line":58,"column":7}},{"start":{},"end":{}}],"line":56},"2":{"loc":{"start":{"line":72,"column":6},"end":{"line":74,"column":7}},"type":"if","locations":[{"start":{"line":72,"column":6},"end":{"line":74,"column":7}},{"start":{},"end":{}}],"line":72},"3":{"loc":{"start":{"line":94,"column":6},"end":{"line":96,"column":7}},"type":"if","locations":[{"start":{"line":94,"column":6},"end":{"line":96,"column":7}},{"start":{},"end":{}}],"line":94}},"s":{"0":12,"1":12,"2":1,"3":1,"4":1,"5":1,"6":1,"7":1,"8":0,"9":1,"10":1,"11":0,"12":2,"13":2,"14":2,"15":0,"16":4,"17":4,"18":4,"19":2,"20":2,"21":2,"22":1,"23":1,"24":1,"25":1,"26":0,"27":1,"28":1,"29":0,"30":1,"31":1,"32":1,"33":0,"34":1,"35":1,"36":0,"37":12},"f":{"0":1,"1":2,"2":4,"3":1,"4":1},"b":{"0":[0,1],"1":[2,2],"2":[0,1],"3":[0,1]},"_coverageSchema":"1a1c01bbd47fc00a2c39e90264f33305004495a9","hash":"4fc721485d34cb14fb58e821bac19d2d3b5d8626"}
,"C:\\Users\\abdul\\Documents\\Abdullah-Bahy\\Hacktiv8\\Final-Project\\cari-barengan-server\\server\\Controllers\\admin\\categoryController.js": {"path":"C:\\Users\\abdul\\Documents\\Abdullah-Bahy\\Hacktiv8\\Final-Project\\cari-barengan-server\\server\\Controllers\\admin\\categoryController.js","statementMap":{"0":{"start":{"line":1,"column":21},"end":{"line":1,"column":44}},"1":{"start":{"line":5,"column":4},"end":{"line":11,"column":5}},"2":{"start":{"line":6,"column":19},"end":{"line":6,"column":43}},"3":{"start":{"line":8,"column":6},"end":{"line":8,"column":32}},"4":{"start":{"line":10,"column":6},"end":{"line":10,"column":15}},"5":{"start":{"line":15,"column":0},"end":{"line":15,"column":35}}},"fnMap":{"0":{"name":"(anonymous_0)","decl":{"start":{"line":4,"column":2},"end":{"line":4,"column":3}},"loc":{"start":{"line":4,"column":38},"end":{"line":12,"column":3}},"line":4}},"branchMap":{},"s":{"0":12,"1":1,"2":1,"3":1,"4":0,"5":12},"f":{"0":1},"b":{},"_coverageSchema":"1a1c01bbd47fc00a2c39e90264f33305004495a9","hash":"344765c800272a2eea7a8c718989e9da9f989dfc"}
,"C:\\Users\\abdul\\Documents\\Abdullah-Bahy\\Hacktiv8\\Final-Project\\cari-barengan-server\\server\\Controllers\\admin\\mountainController.js": {"path":"C:\\Users\\abdul\\Documents\\Abdullah-Bahy\\Hacktiv8\\Final-Project\\cari-barengan-server\\server\\Controllers\\admin\\mountainController.js","statementMap":{"0":{"start":{"line":1,"column":21},"end":{"line":1,"column":44}},"1":{"start":{"line":5,"column":4},"end":{"line":12,"column":5}},"2":{"start":{"line":6,"column":19},"end":{"line":6,"column":43}},"3":{"start":{"line":8,"column":6},"end":{"line":8,"column":32}},"4":{"start":{"line":10,"column":6},"end":{"line":10,"column":15}},"5":{"start":{"line":16,"column":0},"end":{"line":16,"column":35}}},"fnMap":{"0":{"name":"(anonymous_0)","decl":{"start":{"line":4,"column":2},"end":{"line":4,"column":3}},"loc":{"start":{"line":4,"column":38},"end":{"line":13,"column":3}},"line":4}},"branchMap":{},"s":{"0":12,"1":1,"2":1,"3":1,"4":0,"5":12},"f":{"0":1},"b":{},"_coverageSchema":"1a1c01bbd47fc00a2c39e90264f33305004495a9","hash":"15af2e97e60bb5c9fe373c6740add1d8940e219b"}
,"C:\\Users\\abdul\\Documents\\Abdullah-Bahy\\Hacktiv8\\Final-Project\\cari-barengan-server\\server\\Controllers\\admin\\productController.js": {"path":"C:\\Users\\abdul\\Documents\\Abdullah-Bahy\\Hacktiv8\\Final-Project\\cari-barengan-server\\server\\Controllers\\admin\\productController.js","statementMap":{"0":{"start":{"line":1,"column":37},"end":{"line":1,"column":60}},"1":{"start":{"line":2,"column":23},"end":{"line":2,"column":65}},"2":{"start":{"line":6,"column":4},"end":{"line":22,"column":5}},"3":{"start":{"line":7,"column":58},"end":{"line":7,"column":66}},"4":{"start":{"line":8,"column":24},"end":{"line":8,"column":54}},"5":{"start":{"line":10,"column":25},"end":{"line":17,"column":8}},"6":{"start":{"line":19,"column":6},"end":{"line":19,"column":38}},"7":{"start":{"line":21,"column":6},"end":{"line":21,"column":15}},"8":{"start":{"line":26,"column":4},"end":{"line":41,"column":5}},"9":{"start":{"line":27,"column":18},"end":{"line":27,"column":58}},"10":{"start":{"line":33,"column":23},"end":{"line":36,"column":8}},"11":{"start":{"line":38,"column":6},"end":{"line":38,"column":36}},"12":{"start":{"line":40,"column":6},"end":{"line":40,"column":15}},"13":{"start":{"line":45,"column":4},"end":{"line":58,"column":5}},"14":{"start":{"line":46,"column":22},"end":{"line":49,"column":8}},"15":{"start":{"line":51,"column":6},"end":{"line":53,"column":7}},"16":{"start":{"line":52,"column":8},"end":{"line":52,"column":57}},"17":{"start":{"line":55,"column":6},"end":{"line":55,"column":35}},"18":{"start":{"line":57,"column":6},"end":{"line":57,"column":15}},"19":{"start":{"line":62,"column":4},"end":{"line":77,"column":5}},"20":{"start":{"line":63,"column":37},"end":{"line":63,"column":45}},"21":{"start":{"line":65,"column":6},"end":{"line":69,"column":42}},"22":{"start":{"line":71,"column":6},"end":{"line":73,"column":8}},"23":{"start":{"line":76,"column":6},"end":{"line":76,"column":15}},"24":{"start":{"line":81,"column":4},"end":{"line":98,"column":5}},"25":{"start":{"line":82,"column":30},"end":{"line":82,"column":38}},"26":{"start":{"line":83,"column":22},"end":{"line":83,"column":59}},"27":{"start":{"line":85,"column":6},"end":{"line":87,"column":7}},"28":{"start":{"line":86,"column":8},"end":{"line":86,"column":57}},"29":{"start":{"line":89,"column":6},"end":{"line":91,"column":8}},"30":{"start":{"line":93,"column":6},"end":{"line":95,"column":8}},"31":{"start":{"line":97,"column":6},"end":{"line":97,"column":15}},"32":{"start":{"line":102,"column":4},"end":{"line":116,"column":5}},"33":{"start":{"line":103,"column":22},"end":{"line":103,"column":59}},"34":{"start":{"line":105,"column":6},"end":{"line":107,"column":7}},"35":{"start":{"line":106,"column":8},"end":{"line":106,"column":57}},"36":{"start":{"line":109,"column":6},"end":{"line":109,"column":29}},"37":{"start":{"line":111,"column":6},"end":{"line":113,"column":8}},"38":{"start":{"line":115,"column":6},"end":{"line":115,"column":15}},"39":{"start":{"line":120,"column":0},"end":{"line":120,"column":34}}},"fnMap":{"0":{"name":"(anonymous_0)","decl":{"start":{"line":5,"column":2},"end":{"line":5,"column":3}},"loc":{"start":{"line":5,"column":38},"end":{"line":23,"column":3}},"line":5},"1":{"name":"(anonymous_1)","decl":{"start":{"line":25,"column":2},"end":{"line":25,"column":3}},"loc":{"start":{"line":25,"column":38},"end":{"line":42,"column":3}},"line":25},"2":{"name":"(anonymous_2)","decl":{"start":{"line":44,"column":2},"end":{"line":44,"column":3}},"loc":{"start":{"line":44,"column":39},"end":{"line":59,"column":3}},"line":44},"3":{"name":"(anonymous_3)","decl":{"start":{"line":61,"column":2},"end":{"line":61,"column":3}},"loc":{"start":{"line":61,"column":42},"end":{"line":78,"column":3}},"line":61},"4":{"name":"(anonymous_4)","decl":{"start":{"line":80,"column":2},"end":{"line":80,"column":3}},"loc":{"start":{"line":80,"column":48},"end":{"line":99,"column":3}},"line":80},"5":{"name":"(anonymous_5)","decl":{"start":{"line":101,"column":2},"end":{"line":101,"column":3}},"loc":{"start":{"line":101,"column":42},"end":{"line":117,"column":3}},"line":101}},"branchMap":{"0":{"loc":{"start":{"line":51,"column":6},"end":{"line":53,"column":7}},"type":"if","locations":[{"start":{"line":51,"column":6},"end":{"line":53,"column":7}},{"start":{},"end":{}}],"line":51},"1":{"loc":{"start":{"line":85,"column":6},"end":{"line":87,"column":7}},"type":"if","locations":[{"start":{"line":85,"column":6},"end":{"line":87,"column":7}},{"start":{},"end":{}}],"line":85},"2":{"loc":{"start":{"line":105,"column":6},"end":{"line":107,"column":7}},"type":"if","locations":[{"start":{"line":105,"column":6},"end":{"line":107,"column":7}},{"start":{},"end":{}}],"line":105}},"s":{"0":12,"1":12,"2":0,"3":0,"4":0,"5":0,"6":0,"7":0,"8":0,"9":0,"10":0,"11":0,"12":0,"13":1,"14":1,"15":1,"16":0,"17":1,"18":0,"19":0,"20":0,"21":0,"22":0,"23":0,"24":0,"25":0,"26":0,"27":0,"28":0,"29":0,"30":0,"31":0,"32":0,"33":0,"34":0,"35":0,"36":0,"37":0,"38":0,"39":12},"f":{"0":0,"1":0,"2":1,"3":0,"4":0,"5":0},"b":{"0":[0,1],"1":[0,0],"2":[0,0]},"_coverageSchema":"1a1c01bbd47fc00a2c39e90264f33305004495a9","hash":"864ffa5ece109b0509c0400aad379829a6121b7e"}
,"C:\\Users\\abdul\\Documents\\Abdullah-Bahy\\Hacktiv8\\Final-Project\\cari-barengan-server\\server\\Controllers\\admin\\storeController.js": {"path":"C:\\Users\\abdul\\Documents\\Abdullah-Bahy\\Hacktiv8\\Final-Project\\cari-barengan-server\\server\\Controllers\\admin\\storeController.js","statementMap":{"0":{"start":{"line":1,"column":34},"end":{"line":1,"column":57}},"1":{"start":{"line":5,"column":4},"end":{"line":19,"column":5}},"2":{"start":{"line":6,"column":59},"end":{"line":6,"column":67}},"3":{"start":{"line":8,"column":23},"end":{"line":14,"column":8}},"4":{"start":{"line":16,"column":6},"end":{"line":16,"column":36}},"5":{"start":{"line":18,"column":6},"end":{"line":18,"column":15}},"6":{"start":{"line":23,"column":4},"end":{"line":31,"column":5}},"7":{"start":{"line":24,"column":21},"end":{"line":26,"column":8}},"8":{"start":{"line":28,"column":6},"end":{"line":28,"column":34}},"9":{"start":{"line":30,"column":6},"end":{"line":30,"column":15}},"10":{"start":{"line":35,"column":4},"end":{"line":48,"column":5}},"11":{"start":{"line":36,"column":20},"end":{"line":39,"column":8}},"12":{"start":{"line":41,"column":6},"end":{"line":43,"column":7}},"13":{"start":{"line":42,"column":8},"end":{"line":42,"column":55}},"14":{"start":{"line":45,"column":6},"end":{"line":45,"column":33}},"15":{"start":{"line":47,"column":6},"end":{"line":47,"column":15}},"16":{"start":{"line":52,"column":4},"end":{"line":72,"column":5}},"17":{"start":{"line":53,"column":47},"end":{"line":53,"column":55}},"18":{"start":{"line":55,"column":20},"end":{"line":55,"column":55}},"19":{"start":{"line":57,"column":6},"end":{"line":59,"column":7}},"20":{"start":{"line":58,"column":8},"end":{"line":58,"column":55}},"21":{"start":{"line":61,"column":6},"end":{"line":65,"column":32}},"22":{"start":{"line":67,"column":6},"end":{"line":69,"column":8}},"23":{"start":{"line":71,"column":6},"end":{"line":71,"column":15}},"24":{"start":{"line":76,"column":4},"end":{"line":94,"column":5}},"25":{"start":{"line":77,"column":20},"end":{"line":77,"column":55}},"26":{"start":{"line":79,"column":6},"end":{"line":81,"column":7}},"27":{"start":{"line":80,"column":8},"end":{"line":80,"column":55}},"28":{"start":{"line":83,"column":6},"end":{"line":87,"column":8}},"29":{"start":{"line":89,"column":6},"end":{"line":91,"column":8}},"30":{"start":{"line":93,"column":6},"end":{"line":93,"column":15}},"31":{"start":{"line":98,"column":0},"end":{"line":98,"column":32}}},"fnMap":{"0":{"name":"(anonymous_0)","decl":{"start":{"line":4,"column":2},"end":{"line":4,"column":3}},"loc":{"start":{"line":4,"column":38},"end":{"line":20,"column":3}},"line":4},"1":{"name":"(anonymous_1)","decl":{"start":{"line":22,"column":2},"end":{"line":22,"column":3}},"loc":{"start":{"line":22,"column":38},"end":{"line":32,"column":3}},"line":22},"2":{"name":"(anonymous_2)","decl":{"start":{"line":34,"column":2},"end":{"line":34,"column":3}},"loc":{"start":{"line":34,"column":39},"end":{"line":49,"column":3}},"line":34},"3":{"name":"(anonymous_3)","decl":{"start":{"line":51,"column":2},"end":{"line":51,"column":3}},"loc":{"start":{"line":51,"column":42},"end":{"line":73,"column":3}},"line":51},"4":{"name":"(anonymous_4)","decl":{"start":{"line":75,"column":2},"end":{"line":75,"column":3}},"loc":{"start":{"line":75,"column":42},"end":{"line":95,"column":3}},"line":75}},"branchMap":{"0":{"loc":{"start":{"line":41,"column":6},"end":{"line":43,"column":7}},"type":"if","locations":[{"start":{"line":41,"column":6},"end":{"line":43,"column":7}},{"start":{},"end":{}}],"line":41},"1":{"loc":{"start":{"line":57,"column":6},"end":{"line":59,"column":7}},"type":"if","locations":[{"start":{"line":57,"column":6},"end":{"line":59,"column":7}},{"start":{},"end":{}}],"line":57},"2":{"loc":{"start":{"line":79,"column":6},"end":{"line":81,"column":7}},"type":"if","locations":[{"start":{"line":79,"column":6},"end":{"line":81,"column":7}},{"start":{},"end":{}}],"line":79}},"s":{"0":12,"1":5,"2":5,"3":5,"4":1,"5":4,"6":1,"7":1,"8":1,"9":0,"10":2,"11":2,"12":2,"13":1,"14":1,"15":1,"16":8,"17":8,"18":8,"19":8,"20":1,"21":7,"22":4,"23":4,"24":2,"25":2,"26":2,"27":1,"28":1,"29":1,"30":1,"31":12},"f":{"0":5,"1":1,"2":2,"3":8,"4":2},"b":{"0":[1,1],"1":[1,7],"2":[1,1]},"_coverageSchema":"1a1c01bbd47fc00a2c39e90264f33305004495a9","hash":"063df2583c39d72d87b2667813e1adde6f7405be"}
,"C:\\Users\\abdul\\Documents\\Abdullah-Bahy\\Hacktiv8\\Final-Project\\cari-barengan-server\\server\\Controllers\\admin\\transactionController.js": {"path":"C:\\Users\\abdul\\Documents\\Abdullah-Bahy\\Hacktiv8\\Final-Project\\cari-barengan-server\\server\\Controllers\\admin\\transactionController.js","statementMap":{"0":{"start":{"line":1,"column":84},"end":{"line":1,"column":107}},"1":{"start":{"line":5,"column":4},"end":{"line":33,"column":5}},"2":{"start":{"line":6,"column":19},"end":{"line":23,"column":8}},"3":{"start":{"line":29,"column":6},"end":{"line":29,"column":20}},"4":{"start":{"line":32,"column":6},"end":{"line":32,"column":15}},"5":{"start":{"line":61,"column":4},"end":{"line":102,"column":5}},"6":{"start":{"line":75,"column":32},"end":{"line":96,"column":8}},"7":{"start":{"line":98,"column":6},"end":{"line":98,"column":45}},"8":{"start":{"line":101,"column":6},"end":{"line":101,"column":15}},"9":{"start":{"line":106,"column":4},"end":{"line":124,"column":5}},"10":{"start":{"line":107,"column":21},"end":{"line":107,"column":31}},"11":{"start":{"line":108,"column":25},"end":{"line":108,"column":33}},"12":{"start":{"line":109,"column":26},"end":{"line":109,"column":56}},"13":{"start":{"line":111,"column":6},"end":{"line":113,"column":7}},"14":{"start":{"line":112,"column":8},"end":{"line":112,"column":61}},"15":{"start":{"line":115,"column":6},"end":{"line":117,"column":8}},"16":{"start":{"line":119,"column":6},"end":{"line":121,"column":8}},"17":{"start":{"line":123,"column":6},"end":{"line":123,"column":15}},"18":{"start":{"line":128,"column":0},"end":{"line":128,"column":38}}},"fnMap":{"0":{"name":"(anonymous_0)","decl":{"start":{"line":4,"column":2},"end":{"line":4,"column":3}},"loc":{"start":{"line":4,"column":38},"end":{"line":34,"column":3}},"line":4},"1":{"name":"(anonymous_1)","decl":{"start":{"line":60,"column":2},"end":{"line":60,"column":3}},"loc":{"start":{"line":60,"column":39},"end":{"line":103,"column":3}},"line":60},"2":{"name":"(anonymous_2)","decl":{"start":{"line":105,"column":2},"end":{"line":105,"column":3}},"loc":{"start":{"line":105,"column":48},"end":{"line":125,"column":3}},"line":105}},"branchMap":{"0":{"loc":{"start":{"line":111,"column":6},"end":{"line":113,"column":7}},"type":"if","locations":[{"start":{"line":111,"column":6},"end":{"line":113,"column":7}},{"start":{},"end":{}}],"line":111}},"s":{"0":12,"1":2,"2":2,"3":2,"4":0,"5":0,"6":0,"7":0,"8":0,"9":2,"10":2,"11":2,"12":2,"13":2,"14":1,"15":1,"16":1,"17":1,"18":12},"f":{"0":2,"1":0,"2":2},"b":{"0":[1,1]},"_coverageSchema":"1a1c01bbd47fc00a2c39e90264f33305004495a9","hash":"0e197282ae70a85c633f5421f83d1c9c65bde9dd"}
,"C:\\Users\\abdul\\Documents\\Abdullah-Bahy\\Hacktiv8\\Final-Project\\cari-barengan-server\\server\\Controllers\\admin\\userController.js": {"path":"C:\\Users\\abdul\\Documents\\Abdullah-Bahy\\Hacktiv8\\Final-Project\\cari-barengan-server\\server\\Controllers\\admin\\userController.js","statementMap":{"0":{"start":{"line":1,"column":29},"end":{"line":1,"column":60}},"1":{"start":{"line":2,"column":26},"end":{"line":2,"column":54}},"2":{"start":{"line":3,"column":26},"end":{"line":3,"column":49}},"3":{"start":{"line":7,"column":4},"end":{"line":34,"column":5}},"4":{"start":{"line":8,"column":44},"end":{"line":8,"column":52}},"5":{"start":{"line":9,"column":6},"end":{"line":9,"column":27}},"6":{"start":{"line":11,"column":23},"end":{"line":16,"column":8}},"7":{"start":{"line":18,"column":6},"end":{"line":24,"column":8}},"8":{"start":{"line":26,"column":6},"end":{"line":31,"column":8}},"9":{"start":{"line":33,"column":6},"end":{"line":33,"column":15}},"10":{"start":{"line":38,"column":4},"end":{"line":80,"column":5}},"11":{"start":{"line":39,"column":34},"end":{"line":39,"column":42}},"12":{"start":{"line":41,"column":6},"end":{"line":41,"column":27}},"13":{"start":{"line":43,"column":6},"end":{"line":45,"column":7}},"14":{"start":{"line":44,"column":8},"end":{"line":44,"column":57}},"15":{"start":{"line":47,"column":6},"end":{"line":49,"column":7}},"16":{"start":{"line":48,"column":8},"end":{"line":48,"column":60}},"17":{"start":{"line":51,"column":19},"end":{"line":53,"column":8}},"18":{"start":{"line":55,"column":6},"end":{"line":57,"column":7}},"19":{"start":{"line":56,"column":8},"end":{"line":56,"column":62}},"20":{"start":{"line":59,"column":30},"end":{"line":59,"column":71}},"21":{"start":{"line":61,"column":6},"end":{"line":63,"column":7}},"22":{"start":{"line":62,"column":8},"end":{"line":62,"column":62}},"23":{"start":{"line":65,"column":27},"end":{"line":67,"column":8}},"24":{"start":{"line":69,"column":6},"end":{"line":74,"column":8}},"25":{"start":{"line":76,"column":6},"end":{"line":76,"column":27}},"26":{"start":{"line":78,"column":6},"end":{"line":78,"column":22}},"27":{"start":{"line":79,"column":6},"end":{"line":79,"column":15}},"28":{"start":{"line":85,"column":0},"end":{"line":85,"column":31}}},"fnMap":{"0":{"name":"(anonymous_0)","decl":{"start":{"line":6,"column":2},"end":{"line":6,"column":3}},"loc":{"start":{"line":6,"column":40},"end":{"line":35,"column":3}},"line":6},"1":{"name":"(anonymous_1)","decl":{"start":{"line":37,"column":2},"end":{"line":37,"column":3}},"loc":{"start":{"line":37,"column":37},"end":{"line":81,"column":3}},"line":37}},"branchMap":{"0":{"loc":{"start":{"line":43,"column":6},"end":{"line":45,"column":7}},"type":"if","locations":[{"start":{"line":43,"column":6},"end":{"line":45,"column":7}},{"start":{},"end":{}}],"line":43},"1":{"loc":{"start":{"line":47,"column":6},"end":{"line":49,"column":7}},"type":"if","locations":[{"start":{"line":47,"column":6},"end":{"line":49,"column":7}},{"start":{},"end":{}}],"line":47},"2":{"loc":{"start":{"line":55,"column":6},"end":{"line":57,"column":7}},"type":"if","locations":[{"start":{"line":55,"column":6},"end":{"line":57,"column":7}},{"start":{},"end":{}}],"line":55},"3":{"loc":{"start":{"line":61,"column":6},"end":{"line":63,"column":7}},"type":"if","locations":[{"start":{"line":61,"column":6},"end":{"line":63,"column":7}},{"start":{},"end":{}}],"line":61}},"s":{"0":12,"1":12,"2":12,"3":7,"4":7,"5":7,"6":7,"7":1,"8":1,"9":6,"10":5,"11":5,"12":5,"13":5,"14":1,"15":4,"16":1,"17":3,"18":3,"19":2,"20":1,"21":1,"22":0,"23":1,"24":1,"25":4,"26":4,"27":4,"28":12},"f":{"0":7,"1":5},"b":{"0":[1,4],"1":[1,3],"2":[2,1],"3":[0,1]},"_coverageSchema":"1a1c01bbd47fc00a2c39e90264f33305004495a9","hash":"8539035f05c55bf0a4a74e6ec0b5f168c70733e1"}
,"C:\\Users\\abdul\\Documents\\Abdullah-Bahy\\Hacktiv8\\Final-Project\\cari-barengan-server\\server\\Controllers\\pub\\categoryController.js": {"path":"C:\\Users\\abdul\\Documents\\Abdullah-Bahy\\Hacktiv8\\Final-Project\\cari-barengan-server\\server\\Controllers\\pub\\categoryController.js","statementMap":{"0":{"start":{"line":1,"column":21},"end":{"line":1,"column":44}},"1":{"start":{"line":5,"column":4},"end":{"line":11,"column":5}},"2":{"start":{"line":6,"column":19},"end":{"line":6,"column":43}},"3":{"start":{"line":8,"column":6},"end":{"line":8,"column":33}},"4":{"start":{"line":10,"column":6},"end":{"line":10,"column":16}},"5":{"start":{"line":15,"column":4},"end":{"line":22,"column":5}},"6":{"start":{"line":16,"column":21},"end":{"line":16,"column":31}},"7":{"start":{"line":17,"column":19},"end":{"line":17,"column":46}},"8":{"start":{"line":19,"column":6},"end":{"line":19,"column":33}},"9":{"start":{"line":21,"column":6},"end":{"line":21,"column":16}},"10":{"start":{"line":26,"column":0},"end":{"line":26,"column":36}}},"fnMap":{"0":{"name":"(anonymous_0)","decl":{"start":{"line":4,"column":2},"end":{"line":4,"column":3}},"loc":{"start":{"line":4,"column":38},"end":{"line":12,"column":3}},"line":4},"1":{"name":"(anonymous_1)","decl":{"start":{"line":14,"column":2},"end":{"line":14,"column":3}},"loc":{"start":{"line":14,"column":39},"end":{"line":23,"column":3}},"line":14}},"branchMap":{},"s":{"0":12,"1":1,"2":1,"3":1,"4":0,"5":1,"6":1,"7":1,"8":1,"9":0,"10":12},"f":{"0":1,"1":1},"b":{},"_coverageSchema":"1a1c01bbd47fc00a2c39e90264f33305004495a9","hash":"783ddde386f55102daf19876a18236cf0cb590ee"}
,"C:\\Users\\abdul\\Documents\\Abdullah-Bahy\\Hacktiv8\\Final-Project\\cari-barengan-server\\server\\Controllers\\pub\\mountainController.js": {"path":"C:\\Users\\abdul\\Documents\\Abdullah-Bahy\\Hacktiv8\\Final-Project\\cari-barengan-server\\server\\Controllers\\pub\\mountainController.js","statementMap":{"0":{"start":{"line":1,"column":68},"end":{"line":1,"column":91}},"1":{"start":{"line":5,"column":4},"end":{"line":19,"column":5}},"2":{"start":{"line":6,"column":25},"end":{"line":6,"column":34}},"3":{"start":{"line":8,"column":21},"end":{"line":8,"column":23}},"4":{"start":{"line":10,"column":6},"end":{"line":12,"column":7}},"5":{"start":{"line":11,"column":8},"end":{"line":11,"column":44}},"6":{"start":{"line":14,"column":19},"end":{"line":14,"column":49}},"7":{"start":{"line":16,"column":6},"end":{"line":16,"column":33}},"8":{"start":{"line":18,"column":6},"end":{"line":18,"column":16}},"9":{"start":{"line":23,"column":0},"end":{"line":23,"column":36}}},"fnMap":{"0":{"name":"(anonymous_0)","decl":{"start":{"line":4,"column":2},"end":{"line":4,"column":3}},"loc":{"start":{"line":4,"column":38},"end":{"line":20,"column":3}},"line":4}},"branchMap":{"0":{"loc":{"start":{"line":10,"column":6},"end":{"line":12,"column":7}},"type":"if","locations":[{"start":{"line":10,"column":6},"end":{"line":12,"column":7}},{"start":{},"end":{}}],"line":10}},"s":{"0":12,"1":1,"2":1,"3":1,"4":1,"5":0,"6":1,"7":1,"8":0,"9":12},"f":{"0":1},"b":{"0":[0,1]},"_coverageSchema":"1a1c01bbd47fc00a2c39e90264f33305004495a9","hash":"d866601f7319fdb12ae3f2d5b45fb6e3eafa44be"}
,"C:\\Users\\abdul\\Documents\\Abdullah-Bahy\\Hacktiv8\\Final-Project\\cari-barengan-server\\server\\Controllers\\pub\\productController.js": {"path":"C:\\Users\\abdul\\Documents\\Abdullah-Bahy\\Hacktiv8\\Final-Project\\cari-barengan-server\\server\\Controllers\\pub\\productController.js","statementMap":{"0":{"start":{"line":1,"column":37},"end":{"line":1,"column":60}},"1":{"start":{"line":5,"column":4},"end":{"line":11,"column":5}},"2":{"start":{"line":6,"column":23},"end":{"line":6,"column":46}},"3":{"start":{"line":8,"column":6},"end":{"line":8,"column":37}},"4":{"start":{"line":10,"column":6},"end":{"line":10,"column":16}},"5":{"start":{"line":15,"column":4},"end":{"line":27,"column":5}},"6":{"start":{"line":16,"column":21},"end":{"line":16,"column":31}},"7":{"start":{"line":18,"column":22},"end":{"line":18,"column":48}},"8":{"start":{"line":20,"column":6},"end":{"line":22,"column":7}},"9":{"start":{"line":21,"column":8},"end":{"line":21,"column":58}},"10":{"start":{"line":24,"column":6},"end":{"line":24,"column":36}},"11":{"start":{"line":26,"column":6},"end":{"line":26,"column":16}},"12":{"start":{"line":31,"column":0},"end":{"line":31,"column":35}}},"fnMap":{"0":{"name":"(anonymous_0)","decl":{"start":{"line":4,"column":2},"end":{"line":4,"column":3}},"loc":{"start":{"line":4,"column":38},"end":{"line":12,"column":3}},"line":4},"1":{"name":"(anonymous_1)","decl":{"start":{"line":14,"column":2},"end":{"line":14,"column":3}},"loc":{"start":{"line":14,"column":39},"end":{"line":28,"column":3}},"line":14}},"branchMap":{"0":{"loc":{"start":{"line":20,"column":6},"end":{"line":22,"column":7}},"type":"if","locations":[{"start":{"line":20,"column":6},"end":{"line":22,"column":7}},{"start":{},"end":{}}],"line":20}},"s":{"0":12,"1":1,"2":1,"3":1,"4":0,"5":0,"6":0,"7":0,"8":0,"9":0,"10":0,"11":0,"12":12},"f":{"0":1,"1":0},"b":{"0":[0,0]},"_coverageSchema":"1a1c01bbd47fc00a2c39e90264f33305004495a9","hash":"132f5515a303ed1f9614d49767a841504f9997ae"}
,"C:\\Users\\abdul\\Documents\\Abdullah-Bahy\\Hacktiv8\\Final-Project\\cari-barengan-server\\server\\Controllers\\pub\\threadController.js": {"path":"C:\\Users\\abdul\\Documents\\Abdullah-Bahy\\Hacktiv8\\Final-Project\\cari-barengan-server\\server\\Controllers\\pub\\threadController.js","statementMap":{"0":{"start":{"line":1,"column":75},"end":{"line":1,"column":98}},"1":{"start":{"line":2,"column":22},"end":{"line":2,"column":45}},"2":{"start":{"line":6,"column":4},"end":{"line":40,"column":5}},"3":{"start":{"line":7,"column":32},"end":{"line":7,"column":41}},"4":{"start":{"line":9,"column":21},"end":{"line":22,"column":7}},"5":{"start":{"line":24,"column":6},"end":{"line":28,"column":7}},"6":{"start":{"line":25,"column":8},"end":{"line":25,"column":87}},"7":{"start":{"line":27,"column":8},"end":{"line":27,"column":64}},"8":{"start":{"line":30,"column":6},"end":{"line":33,"column":7}},"9":{"start":{"line":31,"column":8},"end":{"line":31,"column":29}},"10":{"start":{"line":32,"column":8},"end":{"line":32,"column":47}},"11":{"start":{"line":35,"column":22},"end":{"line":35,"column":50}},"12":{"start":{"line":37,"column":6},"end":{"line":37,"column":36}},"13":{"start":{"line":39,"column":6},"end":{"line":39,"column":18}},"14":{"start":{"line":44,"column":4},"end":{"line":68,"column":5}},"15":{"start":{"line":45,"column":21},"end":{"line":61,"column":7}},"16":{"start":{"line":63,"column":22},"end":{"line":63,"column":50}},"17":{"start":{"line":65,"column":6},"end":{"line":65,"column":36}},"18":{"start":{"line":67,"column":6},"end":{"line":67,"column":18}},"19":{"start":{"line":72,"column":4},"end":{"line":89,"column":5}},"20":{"start":{"line":73,"column":21},"end":{"line":73,"column":31}},"21":{"start":{"line":75,"column":22},"end":{"line":84,"column":8}},"22":{"start":{"line":86,"column":6},"end":{"line":86,"column":36}},"23":{"start":{"line":88,"column":6},"end":{"line":88,"column":18}},"24":{"start":{"line":93,"column":4},"end":{"line":116,"column":5}},"25":{"start":{"line":94,"column":93},"end":{"line":94,"column":101}},"26":{"start":{"line":96,"column":23},"end":{"line":96,"column":59}},"27":{"start":{"line":98,"column":23},"end":{"line":98,"column":136}},"28":{"start":{"line":100,"column":21},"end":{"line":109,"column":8}},"29":{"start":{"line":111,"column":6},"end":{"line":111,"column":109}},"30":{"start":{"line":113,"column":6},"end":{"line":113,"column":70}},"31":{"start":{"line":115,"column":6},"end":{"line":115,"column":18}},"32":{"start":{"line":120,"column":4},"end":{"line":146,"column":5}},"33":{"start":{"line":121,"column":21},"end":{"line":121,"column":31}},"34":{"start":{"line":122,"column":81},"end":{"line":122,"column":89}},"35":{"start":{"line":126,"column":22},"end":{"line":126,"column":41}},"36":{"start":{"line":128,"column":6},"end":{"line":130,"column":7}},"37":{"start":{"line":129,"column":8},"end":{"line":129,"column":57}},"38":{"start":{"line":132,"column":6},"end":{"line":141,"column":8}},"39":{"start":{"line":143,"column":6},"end":{"line":143,"column":69}},"40":{"start":{"line":145,"column":6},"end":{"line":145,"column":18}},"41":{"start":{"line":150,"column":4},"end":{"line":164,"column":5}},"42":{"start":{"line":151,"column":21},"end":{"line":151,"column":31}},"43":{"start":{"line":153,"column":21},"end":{"line":153,"column":46}},"44":{"start":{"line":155,"column":6},"end":{"line":157,"column":7}},"45":{"start":{"line":156,"column":8},"end":{"line":156,"column":57}},"46":{"start":{"line":159,"column":6},"end":{"line":159,"column":46}},"47":{"start":{"line":161,"column":6},"end":{"line":161,"column":71}},"48":{"start":{"line":163,"column":6},"end":{"line":163,"column":18}},"49":{"start":{"line":168,"column":4},"end":{"line":180,"column":5}},"50":{"start":{"line":169,"column":36},"end":{"line":169,"column":44}},"51":{"start":{"line":171,"column":6},"end":{"line":175,"column":9}},"52":{"start":{"line":177,"column":6},"end":{"line":177,"column":70}},"53":{"start":{"line":179,"column":6},"end":{"line":179,"column":25}},"54":{"start":{"line":184,"column":0},"end":{"line":184,"column":34}}},"fnMap":{"0":{"name":"(anonymous_0)","decl":{"start":{"line":5,"column":2},"end":{"line":5,"column":3}},"loc":{"start":{"line":5,"column":44},"end":{"line":41,"column":3}},"line":5},"1":{"name":"(anonymous_1)","decl":{"start":{"line":43,"column":2},"end":{"line":43,"column":3}},"loc":{"start":{"line":43,"column":50},"end":{"line":69,"column":3}},"line":43},"2":{"name":"(anonymous_2)","decl":{"start":{"line":71,"column":2},"end":{"line":71,"column":3}},"loc":{"start":{"line":71,"column":42},"end":{"line":90,"column":3}},"line":71},"3":{"name":"(anonymous_3)","decl":{"start":{"line":92,"column":2},"end":{"line":92,"column":3}},"loc":{"start":{"line":92,"column":44},"end":{"line":117,"column":3}},"line":92},"4":{"name":"(anonymous_4)","decl":{"start":{"line":119,"column":2},"end":{"line":119,"column":3}},"loc":{"start":{"line":119,"column":42},"end":{"line":147,"column":3}},"line":119},"5":{"name":"(anonymous_5)","decl":{"start":{"line":149,"column":2},"end":{"line":149,"column":3}},"loc":{"start":{"line":149,"column":44},"end":{"line":165,"column":3}},"line":149},"6":{"name":"(anonymous_6)","decl":{"start":{"line":167,"column":2},"end":{"line":167,"column":3}},"loc":{"start":{"line":167,"column":42},"end":{"line":181,"column":3}},"line":167}},"branchMap":{"0":{"loc":{"start":{"line":24,"column":6},"end":{"line":28,"column":7}},"type":"if","locations":[{"start":{"line":24,"column":6},"end":{"line":28,"column":7}},{"start":{"line":26,"column":13},"end":{"line":28,"column":7}}],"line":24},"1":{"loc":{"start":{"line":30,"column":6},"end":{"line":33,"column":7}},"type":"if","locations":[{"start":{"line":30,"column":6},"end":{"line":33,"column":7}},{"start":{},"end":{}}],"line":30},"2":{"loc":{"start":{"line":128,"column":6},"end":{"line":130,"column":7}},"type":"if","locations":[{"start":{"line":128,"column":6},"end":{"line":130,"column":7}},{"start":{},"end":{}}],"line":128},"3":{"loc":{"start":{"line":155,"column":6},"end":{"line":157,"column":7}},"type":"if","locations":[{"start":{"line":155,"column":6},"end":{"line":157,"column":7}},{"start":{},"end":{}}],"line":155}},"s":{"0":12,"1":12,"2":1,"3":1,"4":1,"5":1,"6":0,"7":1,"8":1,"9":0,"10":0,"11":1,"12":1,"13":0,"14":0,"15":0,"16":0,"17":0,"18":0,"19":1,"20":1,"21":1,"22":1,"23":0,"24":0,"25":0,"26":0,"27":0,"28":0,"29":0,"30":0,"31":0,"32":1,"33":1,"34":1,"35":1,"36":1,"37":0,"38":1,"39":1,"40":0,"41":2,"42":2,"43":2,"44":2,"45":1,"46":1,"47":1,"48":1,"49":1,"50":1,"51":1,"52":1,"53":0,"54":12},"f":{"0":1,"1":0,"2":1,"3":0,"4":1,"5":2,"6":1},"b":{"0":[0,1],"1":[0,1],"2":[0,1],"3":[1,1]},"_coverageSchema":"1a1c01bbd47fc00a2c39e90264f33305004495a9","hash":"ab6e8bce1bef146807d65ed28aa8ed2cf8c0384d"}
,"C:\\Users\\abdul\\Documents\\Abdullah-Bahy\\Hacktiv8\\Final-Project\\cari-barengan-server\\server\\Controllers\\pub\\threadMemberController.js": {"path":"C:\\Users\\abdul\\Documents\\Abdullah-Bahy\\Hacktiv8\\Final-Project\\cari-barengan-server\\server\\Controllers\\pub\\threadMemberController.js","statementMap":{"0":{"start":{"line":1,"column":59},"end":{"line":1,"column":82}},"1":{"start":{"line":5,"column":4},"end":{"line":19,"column":5}},"2":{"start":{"line":6,"column":21},"end":{"line":6,"column":31}},"3":{"start":{"line":7,"column":6},"end":{"line":7,"column":22}},"4":{"start":{"line":8,"column":21},"end":{"line":8,"column":46}},"5":{"start":{"line":10,"column":6},"end":{"line":12,"column":7}},"6":{"start":{"line":11,"column":8},"end":{"line":11,"column":57}},"7":{"start":{"line":13,"column":6},"end":{"line":13,"column":26}},"8":{"start":{"line":14,"column":6},"end":{"line":14,"column":129}},"9":{"start":{"line":16,"column":6},"end":{"line":16,"column":71}},"10":{"start":{"line":18,"column":6},"end":{"line":18,"column":18}},"11":{"start":{"line":23,"column":4},"end":{"line":32,"column":5}},"12":{"start":{"line":24,"column":21},"end":{"line":24,"column":31}},"13":{"start":{"line":25,"column":25},"end":{"line":25,"column":33}},"14":{"start":{"line":27,"column":6},"end":{"line":27,"column":64}},"15":{"start":{"line":29,"column":6},"end":{"line":29,"column":70}},"16":{"start":{"line":31,"column":6},"end":{"line":31,"column":18}},"17":{"start":{"line":36,"column":4},"end":{"line":54,"column":5}},"18":{"start":{"line":37,"column":21},"end":{"line":49,"column":8}},"19":{"start":{"line":51,"column":6},"end":{"line":51,"column":35}},"20":{"start":{"line":53,"column":6},"end":{"line":53,"column":25}},"21":{"start":{"line":58,"column":4},"end":{"line":77,"column":5}},"22":{"start":{"line":59,"column":21},"end":{"line":59,"column":31}},"23":{"start":{"line":61,"column":21},"end":{"line":72,"column":8}},"24":{"start":{"line":74,"column":6},"end":{"line":74,"column":35}},"25":{"start":{"line":76,"column":6},"end":{"line":76,"column":18}},"26":{"start":{"line":81,"column":4},"end":{"line":123,"column":5}},"27":{"start":{"line":82,"column":27},"end":{"line":82,"column":37}},"28":{"start":{"line":84,"column":27},"end":{"line":97,"column":8}},"29":{"start":{"line":99,"column":22},"end":{"line":103,"column":8}},"30":{"start":{"line":100,"column":8},"end":{"line":102,"column":9}},"31":{"start":{"line":101,"column":10},"end":{"line":101,"column":20}},"32":{"start":{"line":105,"column":21},"end":{"line":105,"column":23}},"33":{"start":{"line":106,"column":20},"end":{"line":106,"column":22}},"34":{"start":{"line":108,"column":6},"end":{"line":114,"column":9}},"35":{"start":{"line":109,"column":8},"end":{"line":113,"column":9}},"36":{"start":{"line":110,"column":10},"end":{"line":110,"column":26}},"37":{"start":{"line":112,"column":10},"end":{"line":112,"column":27}},"38":{"start":{"line":116,"column":6},"end":{"line":118,"column":7}},"39":{"start":{"line":117,"column":8},"end":{"line":117,"column":21}},"40":{"start":{"line":120,"column":6},"end":{"line":120,"column":48}},"41":{"start":{"line":122,"column":6},"end":{"line":122,"column":18}},"42":{"start":{"line":127,"column":0},"end":{"line":127,"column":40}}},"fnMap":{"0":{"name":"(anonymous_0)","decl":{"start":{"line":4,"column":2},"end":{"line":4,"column":3}},"loc":{"start":{"line":4,"column":50},"end":{"line":20,"column":3}},"line":4},"1":{"name":"(anonymous_1)","decl":{"start":{"line":22,"column":2},"end":{"line":22,"column":3}},"loc":{"start":{"line":22,"column":48},"end":{"line":33,"column":3}},"line":22},"2":{"name":"(anonymous_2)","decl":{"start":{"line":35,"column":2},"end":{"line":35,"column":3}},"loc":{"start":{"line":35,"column":51},"end":{"line":55,"column":3}},"line":35},"3":{"name":"(anonymous_3)","decl":{"start":{"line":57,"column":2},"end":{"line":57,"column":3}},"loc":{"start":{"line":57,"column":49},"end":{"line":78,"column":3}},"line":57},"4":{"name":"(anonymous_4)","decl":{"start":{"line":80,"column":2},"end":{"line":80,"column":3}},"loc":{"start":{"line":80,"column":45},"end":{"line":124,"column":3}},"line":80},"5":{"name":"(anonymous_5)","decl":{"start":{"line":99,"column":42},"end":{"line":99,"column":43}},"loc":{"start":{"line":99,"column":50},"end":{"line":103,"column":7}},"line":99},"6":{"name":"(anonymous_6)","decl":{"start":{"line":108,"column":22},"end":{"line":108,"column":23}},"loc":{"start":{"line":108,"column":30},"end":{"line":114,"column":7}},"line":108}},"branchMap":{"0":{"loc":{"start":{"line":10,"column":6},"end":{"line":12,"column":7}},"type":"if","locations":[{"start":{"line":10,"column":6},"end":{"line":12,"column":7}},{"start":{},"end":{}}],"line":10},"1":{"loc":{"start":{"line":100,"column":8},"end":{"line":102,"column":9}},"type":"if","locations":[{"start":{"line":100,"column":8},"end":{"line":102,"column":9}},{"start":{},"end":{}}],"line":100},"2":{"loc":{"start":{"line":100,"column":12},"end":{"line":100,"column":61}},"type":"binary-expr","locations":[{"start":{"line":100,"column":12},"end":{"line":100,"column":34}},{"start":{"line":100,"column":38},"end":{"line":100,"column":61}}],"line":100},"3":{"loc":{"start":{"line":109,"column":8},"end":{"line":113,"column":9}},"type":"if","locations":[{"start":{"line":109,"column":8},"end":{"line":113,"column":9}},{"start":{"line":111,"column":15},"end":{"line":113,"column":9}}],"line":109},"4":{"loc":{"start":{"line":116,"column":6},"end":{"line":118,"column":7}},"type":"if","locations":[{"start":{"line":116,"column":6},"end":{"line":118,"column":7}},{"start":{},"end":{}}],"line":116}},"s":{"0":12,"1":0,"2":0,"3":0,"4":0,"5":0,"6":0,"7":0,"8":0,"9":0,"10":0,"11":0,"12":0,"13":0,"14":0,"15":0,"16":0,"17":0,"18":0,"19":0,"20":0,"21":0,"22":0,"23":0,"24":0,"25":0,"26":0,"27":0,"28":0,"29":0,"30":0,"31":0,"32":0,"33":0,"34":0,"35":0,"36":0,"37":0,"38":0,"39":0,"40":0,"41":0,"42":12},"f":{"0":0,"1":0,"2":0,"3":0,"4":0,"5":0,"6":0},"b":{"0":[0,0],"1":[0,0],"2":[0,0],"3":[0,0],"4":[0,0]},"_coverageSchema":"1a1c01bbd47fc00a2c39e90264f33305004495a9","hash":"2c3d8ca3a37ebfc0305c72f0ecfb8eaac13efdbf"}
,"C:\\Users\\abdul\\Documents\\Abdullah-Bahy\\Hacktiv8\\Final-Project\\cari-barengan-server\\server\\Controllers\\pub\\transactionController.js": {"path":"C:\\Users\\abdul\\Documents\\Abdullah-Bahy\\Hacktiv8\\Final-Project\\cari-barengan-server\\server\\Controllers\\pub\\transactionController.js","statementMap":{"0":{"start":{"line":1,"column":76},"end":{"line":1,"column":99}},"1":{"start":{"line":2,"column":15},"end":{"line":2,"column":37}},"2":{"start":{"line":3,"column":26},"end":{"line":3,"column":55}},"3":{"start":{"line":7,"column":14},"end":{"line":7,"column":43}},"4":{"start":{"line":8,"column":4},"end":{"line":86,"column":5}},"5":{"start":{"line":9,"column":72},"end":{"line":9,"column":80}},"6":{"start":{"line":11,"column":26},"end":{"line":20,"column":7}},"7":{"start":{"line":22,"column":6},"end":{"line":24,"column":7}},"8":{"start":{"line":23,"column":8},"end":{"line":23,"column":74}},"9":{"start":{"line":27,"column":6},"end":{"line":31,"column":9}},"10":{"start":{"line":29,"column":8},"end":{"line":29,"column":42}},"11":{"start":{"line":30,"column":8},"end":{"line":30,"column":18}},"12":{"start":{"line":35,"column":6},"end":{"line":35,"column":97}},"13":{"start":{"line":47,"column":16},"end":{"line":49,"column":8}},"14":{"start":{"line":54,"column":26},"end":{"line":54,"column":27}},"15":{"start":{"line":55,"column":16},"end":{"line":55,"column":31}},"16":{"start":{"line":57,"column":20},"end":{"line":72,"column":7}},"17":{"start":{"line":76,"column":6},"end":{"line":78,"column":9}},"18":{"start":{"line":80,"column":6},"end":{"line":80,"column":23}},"19":{"start":{"line":81,"column":6},"end":{"line":81,"column":22}},"20":{"start":{"line":83,"column":6},"end":{"line":83,"column":16}},"21":{"start":{"line":84,"column":6},"end":{"line":84,"column":19}},"22":{"start":{"line":85,"column":6},"end":{"line":85,"column":22}},"23":{"start":{"line":90,"column":0},"end":{"line":90,"column":39}}},"fnMap":{"0":{"name":"(anonymous_0)","decl":{"start":{"line":6,"column":2},"end":{"line":6,"column":3}},"loc":{"start":{"line":6,"column":49},"end":{"line":87,"column":3}},"line":6},"1":{"name":"(anonymous_1)","decl":{"start":{"line":27,"column":50},"end":{"line":27,"column":51}},"loc":{"start":{"line":27,"column":58},"end":{"line":31,"column":7}},"line":27}},"branchMap":{"0":{"loc":{"start":{"line":22,"column":6},"end":{"line":24,"column":7}},"type":"if","locations":[{"start":{"line":22,"column":6},"end":{"line":24,"column":7}},{"start":{},"end":{}}],"line":22}},"s":{"0":12,"1":12,"2":12,"3":0,"4":0,"5":0,"6":0,"7":0,"8":0,"9":0,"10":0,"11":0,"12":0,"13":0,"14":0,"15":0,"16":0,"17":0,"18":0,"19":0,"20":0,"21":0,"22":0,"23":12},"f":{"0":0,"1":0},"b":{"0":[0,0]},"_coverageSchema":"1a1c01bbd47fc00a2c39e90264f33305004495a9","hash":"2886416ed733cbb770a8c45160da7c207f5277a1"}
,"C:\\Users\\abdul\\Documents\\Abdullah-Bahy\\Hacktiv8\\Final-Project\\cari-barengan-server\\server\\Controllers\\pub\\userController.js": {"path":"C:\\Users\\abdul\\Documents\\Abdullah-Bahy\\Hacktiv8\\Final-Project\\cari-barengan-server\\server\\Controllers\\pub\\userController.js","statementMap":{"0":{"start":{"line":1,"column":29},"end":{"line":1,"column":60}},"1":{"start":{"line":2,"column":26},"end":{"line":2,"column":54}},"2":{"start":{"line":3,"column":23},"end":{"line":3,"column":65}},"3":{"start":{"line":4,"column":37},"end":{"line":4,"column":60}},"4":{"start":{"line":8,"column":14},"end":{"line":8,"column":43}},"5":{"start":{"line":9,"column":4},"end":{"line":54,"column":5}},"6":{"start":{"line":10,"column":75},"end":{"line":10,"column":83}},"7":{"start":{"line":12,"column":24},"end":{"line":12,"column":54}},"8":{"start":{"line":14,"column":6},"end":{"line":16,"column":7}},"9":{"start":{"line":15,"column":8},"end":{"line":15,"column":64}},"10":{"start":{"line":18,"column":19},"end":{"line":26,"column":7}},"11":{"start":{"line":28,"column":6},"end":{"line":37,"column":8}},"12":{"start":{"line":39,"column":6},"end":{"line":39,"column":23}},"13":{"start":{"line":41,"column":27},"end":{"line":43,"column":8}},"14":{"start":{"line":45,"column":6},"end":{"line":50,"column":9}},"15":{"start":{"line":52,"column":6},"end":{"line":52,"column":19}},"16":{"start":{"line":53,"column":6},"end":{"line":53,"column":18}},"17":{"start":{"line":58,"column":4},"end":{"line":96,"column":5}},"18":{"start":{"line":59,"column":34},"end":{"line":59,"column":42}},"19":{"start":{"line":61,"column":6},"end":{"line":63,"column":7}},"20":{"start":{"line":62,"column":8},"end":{"line":62,"column":58}},"21":{"start":{"line":64,"column":6},"end":{"line":66,"column":7}},"22":{"start":{"line":65,"column":8},"end":{"line":65,"column":61}},"23":{"start":{"line":68,"column":19},"end":{"line":72,"column":8}},"24":{"start":{"line":74,"column":6},"end":{"line":76,"column":7}},"25":{"start":{"line":75,"column":8},"end":{"line":75,"column":63}},"26":{"start":{"line":78,"column":30},"end":{"line":78,"column":71}},"27":{"start":{"line":80,"column":6},"end":{"line":82,"column":7}},"28":{"start":{"line":81,"column":8},"end":{"line":81,"column":63}},"29":{"start":{"line":84,"column":27},"end":{"line":86,"column":8}},"30":{"start":{"line":88,"column":6},"end":{"line":93,"column":9}},"31":{"start":{"line":95,"column":6},"end":{"line":95,"column":18}},"32":{"start":{"line":100,"column":0},"end":{"line":100,"column":32}}},"fnMap":{"0":{"name":"(anonymous_0)","decl":{"start":{"line":7,"column":2},"end":{"line":7,"column":3}},"loc":{"start":{"line":7,"column":40},"end":{"line":55,"column":3}},"line":7},"1":{"name":"(anonymous_1)","decl":{"start":{"line":57,"column":2},"end":{"line":57,"column":3}},"loc":{"start":{"line":57,"column":37},"end":{"line":97,"column":3}},"line":57}},"branchMap":{"0":{"loc":{"start":{"line":14,"column":6},"end":{"line":16,"column":7}},"type":"if","locations":[{"start":{"line":14,"column":6},"end":{"line":16,"column":7}},{"start":{},"end":{}}],"line":14},"1":{"loc":{"start":{"line":61,"column":6},"end":{"line":63,"column":7}},"type":"if","locations":[{"start":{"line":61,"column":6},"end":{"line":63,"column":7}},{"start":{},"end":{}}],"line":61},"2":{"loc":{"start":{"line":64,"column":6},"end":{"line":66,"column":7}},"type":"if","locations":[{"start":{"line":64,"column":6},"end":{"line":66,"column":7}},{"start":{},"end":{}}],"line":64},"3":{"loc":{"start":{"line":74,"column":6},"end":{"line":76,"column":7}},"type":"if","locations":[{"start":{"line":74,"column":6},"end":{"line":76,"column":7}},{"start":{},"end":{}}],"line":74},"4":{"loc":{"start":{"line":80,"column":6},"end":{"line":82,"column":7}},"type":"if","locations":[{"start":{"line":80,"column":6},"end":{"line":82,"column":7}},{"start":{},"end":{}}],"line":80}},"s":{"0":12,"1":12,"2":12,"3":12,"4":10,"5":10,"6":10,"7":10,"8":10,"9":0,"10":10,"11":4,"12":1,"13":1,"14":1,"15":9,"16":9,"17":5,"18":5,"19":5,"20":1,"21":4,"22":1,"23":3,"24":3,"25":3,"26":0,"27":0,"28":0,"29":0,"30":0,"31":5,"32":12},"f":{"0":10,"1":5},"b":{"0":[0,10],"1":[1,4],"2":[1,3],"3":[3,0],"4":[0,0]},"_coverageSchema":"1a1c01bbd47fc00a2c39e90264f33305004495a9","hash":"d5e5bdc708cc17d3d1187c80b4f9065cd493c3d0"}
,"C:\\Users\\abdul\\Documents\\Abdullah-Bahy\\Hacktiv8\\Final-Project\\cari-barengan-server\\server\\helpers\\bcrypt.js": {"path":"C:\\Users\\abdul\\Documents\\Abdullah-Bahy\\Hacktiv8\\Final-Project\\cari-barengan-server\\server\\helpers\\bcrypt.js","statementMap":{"0":{"start":{"line":1,"column":15},"end":{"line":1,"column":34}},"1":{"start":{"line":3,"column":0},"end":{"line":6,"column":1}},"2":{"start":{"line":4,"column":32},"end":{"line":4,"column":80}},"3":{"start":{"line":5,"column":50},"end":{"line":5,"column":94}}},"fnMap":{"0":{"name":"(anonymous_0)","decl":{"start":{"line":4,"column":18},"end":{"line":4,"column":19}},"loc":{"start":{"line":4,"column":32},"end":{"line":4,"column":80}},"line":4},"1":{"name":"(anonymous_1)","decl":{"start":{"line":5,"column":20},"end":{"line":5,"column":21}},"loc":{"start":{"line":5,"column":50},"end":{"line":5,"column":94}},"line":5}},"branchMap":{},"s":{"0":12,"1":12,"2":69,"3":1},"f":{"0":69,"1":1},"b":{},"_coverageSchema":"1a1c01bbd47fc00a2c39e90264f33305004495a9","hash":"3cae8ca121c9f97c16e719bf92d2b4ce2c448794"}
,"C:\\Users\\abdul\\Documents\\Abdullah-Bahy\\Hacktiv8\\Final-Project\\cari-barengan-server\\server\\helpers\\jwt.js": {"path":"C:\\Users\\abdul\\Documents\\Abdullah-Bahy\\Hacktiv8\\Final-Project\\cari-barengan-server\\server\\helpers\\jwt.js","statementMap":{"0":{"start":{"line":1,"column":12},"end":{"line":1,"column":35}},"1":{"start":{"line":2,"column":15},"end":{"line":2,"column":33}},"2":{"start":{"line":4,"column":0},"end":{"line":7,"column":1}},"3":{"start":{"line":5,"column":30},"end":{"line":5,"column":55}},"4":{"start":{"line":6,"column":33},"end":{"line":6,"column":65}}},"fnMap":{"0":{"name":"(anonymous_0)","decl":{"start":{"line":5,"column":17},"end":{"line":5,"column":18}},"loc":{"start":{"line":5,"column":30},"end":{"line":5,"column":55}},"line":5},"1":{"name":"(anonymous_1)","decl":{"start":{"line":6,"column":15},"end":{"line":6,"column":16}},"loc":{"start":{"line":6,"column":33},"end":{"line":6,"column":65}},"line":6}},"branchMap":{},"s":{"0":12,"1":12,"2":12,"3":2,"4":56},"f":{"0":2,"1":56},"b":{},"_coverageSchema":"1a1c01bbd47fc00a2c39e90264f33305004495a9","hash":"7292b3ab51913790de96aafd681b6a94df440610"}
,"C:\\Users\\abdul\\Documents\\Abdullah-Bahy\\Hacktiv8\\Final-Project\\cari-barengan-server\\server\\helpers\\imagekit\\imagekit.js": {"path":"C:\\Users\\abdul\\Documents\\Abdullah-Bahy\\Hacktiv8\\Final-Project\\cari-barengan-server\\server\\helpers\\imagekit\\imagekit.js","statementMap":{"0":{"start":{"line":1,"column":17},"end":{"line":1,"column":37}},"1":{"start":{"line":2,"column":14},"end":{"line":2,"column":30}},"2":{"start":{"line":5,"column":2},"end":{"line":27,"column":3}},"3":{"start":{"line":6,"column":17},"end":{"line":6,"column":31}},"4":{"start":{"line":8,"column":4},"end":{"line":10,"column":6}},"5":{"start":{"line":11,"column":4},"end":{"line":11,"column":47}},"6":{"start":{"line":13,"column":23},"end":{"line":13,"column":63}},"7":{"start":{"line":15,"column":21},"end":{"line":22,"column":6}},"8":{"start":{"line":24,"column":4},"end":{"line":24,"column":15}},"9":{"start":{"line":26,"column":4},"end":{"line":26,"column":20}},"10":{"start":{"line":30,"column":0},"end":{"line":30,"column":31}}},"fnMap":{"0":{"name":"imageKitHandle","decl":{"start":{"line":4,"column":15},"end":{"line":4,"column":29}},"loc":{"start":{"line":4,"column":37},"end":{"line":28,"column":1}},"line":4}},"branchMap":{},"s":{"0":12,"1":12,"2":11,"3":11,"4":11,"5":11,"6":11,"7":11,"8":11,"9":0,"10":12},"f":{"0":11},"b":{},"_coverageSchema":"1a1c01bbd47fc00a2c39e90264f33305004495a9","hash":"d97e4cda0557ac5316019cb0d697c5956ade3f33"}
,"C:\\Users\\abdul\\Documents\\Abdullah-Bahy\\Hacktiv8\\Final-Project\\cari-barengan-server\\server\\helpers\\multer\\config.js": {"path":"C:\\Users\\abdul\\Documents\\Abdullah-Bahy\\Hacktiv8\\Final-Project\\cari-barengan-server\\server\\helpers\\multer\\config.js","statementMap":{"0":{"start":{"line":1,"column":15},"end":{"line":1,"column":32}},"1":{"start":{"line":2,"column":13},"end":{"line":2,"column":28}},"2":{"start":{"line":4,"column":16},"end":{"line":4,"column":38}},"3":{"start":{"line":6,"column":15},"end":{"line":15,"column":2}},"4":{"start":{"line":9,"column":16},"end":{"line":9,"column":47}},"5":{"start":{"line":10,"column":4},"end":{"line":12,"column":5}},"6":{"start":{"line":11,"column":6},"end":{"line":11,"column":29}},"7":{"start":{"line":13,"column":4},"end":{"line":13,"column":19}},"8":{"start":{"line":17,"column":0},"end":{"line":17,"column":24}}},"fnMap":{"0":{"name":"(anonymous_0)","decl":{"start":{"line":8,"column":14},"end":{"line":8,"column":15}},"loc":{"start":{"line":8,"column":39},"end":{"line":14,"column":3}},"line":8}},"branchMap":{"0":{"loc":{"start":{"line":10,"column":4},"end":{"line":12,"column":5}},"type":"if","locations":[{"start":{"line":10,"column":4},"end":{"line":12,"column":5}},{"start":{},"end":{}}],"line":10},"1":{"loc":{"start":{"line":10,"column":8},"end":{"line":10,"column":77}},"type":"binary-expr","locations":[{"start":{"line":10,"column":8},"end":{"line":10,"column":22}},{"start":{"line":10,"column":26},"end":{"line":10,"column":40}},{"start":{"line":10,"column":44},"end":{"line":10,"column":58}},{"start":{"line":10,"column":62},"end":{"line":10,"column":77}}],"line":10}},"s":{"0":12,"1":12,"2":12,"3":12,"4":11,"5":11,"6":0,"7":11,"8":12},"f":{"0":11},"b":{"0":[0,11],"1":[11,1,1,1]},"_coverageSchema":"1a1c01bbd47fc00a2c39e90264f33305004495a9","hash":"00c1cc3fd2bd9d6ac0738961badf6e8f7b1012a1"}
,"C:\\Users\\abdul\\Documents\\Abdullah-Bahy\\Hacktiv8\\Final-Project\\cari-barengan-server\\server\\lib\\bulkInsertArticles.js": {"path":"C:\\Users\\abdul\\Documents\\Abdullah-Bahy\\Hacktiv8\\Final-Project\\cari-barengan-server\\server\\lib\\bulkInsertArticles.js","statementMap":{"0":{"start":{"line":1,"column":20},"end":{"line":1,"column":40}},"1":{"start":{"line":2,"column":11},"end":{"line":2,"column":31}},"2":{"start":{"line":3,"column":23},"end":{"line":3,"column":55}},"3":{"start":{"line":6,"column":2},"end":{"line":10,"column":4}},"4":{"start":{"line":12,"column":2},"end":{"line":45,"column":3}},"5":{"start":{"line":48,"column":0},"end":{"line":48,"column":35}}},"fnMap":{"0":{"name":"bulkInsertArticles","decl":{"start":{"line":5,"column":15},"end":{"line":5,"column":33}},"loc":{"start":{"line":5,"column":36},"end":{"line":46,"column":1}},"line":5}},"branchMap":{},"s":{"0":2,"1":2,"2":2,"3":2,"4":2,"5":2},"f":{"0":2},"b":{},"_coverageSchema":"1a1c01bbd47fc00a2c39e90264f33305004495a9","hash":"7665cf43970921dc4642aff71456e3c9c140f917"}
,"C:\\Users\\abdul\\Documents\\Abdullah-Bahy\\Hacktiv8\\Final-Project\\cari-barengan-server\\server\\lib\\bulkInsertCategories.js": {"path":"C:\\Users\\abdul\\Documents\\Abdullah-Bahy\\Hacktiv8\\Final-Project\\cari-barengan-server\\server\\lib\\bulkInsertCategories.js","statementMap":{"0":{"start":{"line":1,"column":21},"end":{"line":1,"column":41}},"1":{"start":{"line":2,"column":11},"end":{"line":2,"column":31}},"2":{"start":{"line":3,"column":23},"end":{"line":3,"column":55}},"3":{"start":{"line":6,"column":2},"end":{"line":10,"column":4}},"4":{"start":{"line":12,"column":2},"end":{"line":51,"column":3}},"5":{"start":{"line":54,"column":0},"end":{"line":54,"column":37}}},"fnMap":{"0":{"name":"bulkInsertCategories","decl":{"start":{"line":5,"column":15},"end":{"line":5,"column":35}},"loc":{"start":{"line":5,"column":38},"end":{"line":52,"column":1}},"line":5}},"branchMap":{},"s":{"0":2,"1":2,"2":2,"3":2,"4":2,"5":2},"f":{"0":2},"b":{},"_coverageSchema":"1a1c01bbd47fc00a2c39e90264f33305004495a9","hash":"8842fcde13d2c4eec7a1957424ad44a86c8aae2b"}
,"C:\\Users\\abdul\\Documents\\Abdullah-Bahy\\Hacktiv8\\Final-Project\\cari-barengan-server\\server\\lib\\bulkInsertMountain.js": {"path":"C:\\Users\\abdul\\Documents\\Abdullah-Bahy\\Hacktiv8\\Final-Project\\cari-barengan-server\\server\\lib\\bulkInsertMountain.js","statementMap":{"0":{"start":{"line":1,"column":21},"end":{"line":1,"column":41}},"1":{"start":{"line":2,"column":18},"end":{"line":2,"column":38}},"2":{"start":{"line":3,"column":11},"end":{"line":3,"column":31}},"3":{"start":{"line":4,"column":23},"end":{"line":4,"column":55}},"4":{"start":{"line":7,"column":2},"end":{"line":11,"column":4}},"5":{"start":{"line":13,"column":2},"end":{"line":57,"column":3}},"6":{"start":{"line":60,"column":0},"end":{"line":60,"column":36}}},"fnMap":{"0":{"name":"bulkInsertMountains","decl":{"start":{"line":6,"column":15},"end":{"line":6,"column":34}},"loc":{"start":{"line":6,"column":37},"end":{"line":58,"column":1}},"line":6}},"branchMap":{},"s":{"0":4,"1":4,"2":4,"3":4,"4":4,"5":4,"6":4},"f":{"0":4},"b":{},"_coverageSchema":"1a1c01bbd47fc00a2c39e90264f33305004495a9","hash":"0cdacc437a75a2ce0119b79ace8621c2a6803884"}
,"C:\\Users\\abdul\\Documents\\Abdullah-Bahy\\Hacktiv8\\Final-Project\\cari-barengan-server\\server\\lib\\bulkInsertProducts.js": {"path":"C:\\Users\\abdul\\Documents\\Abdullah-Bahy\\Hacktiv8\\Final-Project\\cari-barengan-server\\server\\lib\\bulkInsertProducts.js","statementMap":{"0":{"start":{"line":1,"column":20},"end":{"line":1,"column":40}},"1":{"start":{"line":2,"column":11},"end":{"line":2,"column":31}},"2":{"start":{"line":3,"column":25},"end":{"line":3,"column":54}},"3":{"start":{"line":4,"column":23},"end":{"line":4,"column":55}},"4":{"start":{"line":7,"column":2},"end":{"line":11,"column":4}},"5":{"start":{"line":13,"column":2},"end":{"line":70,"column":3}},"6":{"start":{"line":72,"column":0},"end":{"line":72,"column":35}}},"fnMap":{"0":{"name":"bulkInsertProducts","decl":{"start":{"line":6,"column":15},"end":{"line":6,"column":33}},"loc":{"start":{"line":6,"column":36},"end":{"line":71,"column":1}},"line":6}},"branchMap":{},"s":{"0":3,"1":3,"2":3,"3":3,"4":3,"5":3,"6":3},"f":{"0":3},"b":{},"_coverageSchema":"1a1c01bbd47fc00a2c39e90264f33305004495a9","hash":"4ded0bd9970042aa19050baafd9a550f92963569"}
,"C:\\Users\\abdul\\Documents\\Abdullah-Bahy\\Hacktiv8\\Final-Project\\cari-barengan-server\\server\\lib\\bulkInsertStores.js": {"path":"C:\\Users\\abdul\\Documents\\Abdullah-Bahy\\Hacktiv8\\Final-Project\\cari-barengan-server\\server\\lib\\bulkInsertStores.js","statementMap":{"0":{"start":{"line":1,"column":18},"end":{"line":1,"column":38}},"1":{"start":{"line":2,"column":11},"end":{"line":2,"column":31}},"2":{"start":{"line":3,"column":23},"end":{"line":3,"column":55}},"3":{"start":{"line":6,"column":4},"end":{"line":10,"column":6}},"4":{"start":{"line":13,"column":4},"end":{"line":51,"column":5}},"5":{"start":{"line":53,"column":2},"end":{"line":53,"column":35}}},"fnMap":{"0":{"name":"bulkInsertStores","decl":{"start":{"line":5,"column":15},"end":{"line":5,"column":31}},"loc":{"start":{"line":5,"column":34},"end":{"line":52,"column":3}},"line":5}},"branchMap":{},"s":{"0":4,"1":4,"2":4,"3":2,"4":2,"5":4},"f":{"0":2},"b":{},"_coverageSchema":"1a1c01bbd47fc00a2c39e90264f33305004495a9","hash":"fe395ef3d4dbc2226a49c49a3923fcf5b117d277"}
,"C:\\Users\\abdul\\Documents\\Abdullah-Bahy\\Hacktiv8\\Final-Project\\cari-barengan-server\\server\\lib\\bulkInsertThreads.js": {"path":"C:\\Users\\abdul\\Documents\\Abdullah-Bahy\\Hacktiv8\\Final-Project\\cari-barengan-server\\server\\lib\\bulkInsertThreads.js","statementMap":{"0":{"start":{"line":1,"column":19},"end":{"line":1,"column":39}},"1":{"start":{"line":2,"column":11},"end":{"line":2,"column":31}},"2":{"start":{"line":3,"column":23},"end":{"line":3,"column":55}},"3":{"start":{"line":6,"column":2},"end":{"line":75,"column":3}},"4":{"start":{"line":7,"column":4},"end":{"line":11,"column":6}},"5":{"start":{"line":13,"column":4},"end":{"line":71,"column":5}},"6":{"start":{"line":73,"column":4},"end":{"line":73,"column":20}},"7":{"start":{"line":78,"column":0},"end":{"line":78,"column":34}}},"fnMap":{"0":{"name":"bulkInsertThreads","decl":{"start":{"line":5,"column":15},"end":{"line":5,"column":32}},"loc":{"start":{"line":5,"column":35},"end":{"line":76,"column":1}},"line":5}},"branchMap":{},"s":{"0":1,"1":1,"2":1,"3":1,"4":1,"5":1,"6":0,"7":1},"f":{"0":1},"b":{},"_coverageSchema":"1a1c01bbd47fc00a2c39e90264f33305004495a9","hash":"26d37714d412631fdd681ea74bb6de1b71ce2f4a"}
,"C:\\Users\\abdul\\Documents\\Abdullah-Bahy\\Hacktiv8\\Final-Project\\cari-barengan-server\\server\\lib\\bulkInsertTransaction.js": {"path":"C:\\Users\\abdul\\Documents\\Abdullah-Bahy\\Hacktiv8\\Final-Project\\cari-barengan-server\\server\\lib\\bulkInsertTransaction.js","statementMap":{"0":{"start":{"line":1,"column":24},"end":{"line":1,"column":44}},"1":{"start":{"line":2,"column":11},"end":{"line":2,"column":31}},"2":{"start":{"line":3,"column":23},"end":{"line":3,"column":55}},"3":{"start":{"line":6,"column":4},"end":{"line":10,"column":6}},"4":{"start":{"line":12,"column":4},"end":{"line":36,"column":5}},"5":{"start":{"line":38,"column":2},"end":{"line":38,"column":40}}},"fnMap":{"0":{"name":"bulkInsertTransaction","decl":{"start":{"line":5,"column":15},"end":{"line":5,"column":36}},"loc":{"start":{"line":5,"column":39},"end":{"line":37,"column":3}},"line":5}},"branchMap":{},"s":{"0":1,"1":1,"2":1,"3":1,"4":1,"5":1},"f":{"0":1},"b":{},"_coverageSchema":"1a1c01bbd47fc00a2c39e90264f33305004495a9","hash":"463e09a716c6ab2e00ccd03deab60f2ee05e13c7"}
,"C:\\Users\\abdul\\Documents\\Abdullah-Bahy\\Hacktiv8\\Final-Project\\cari-barengan-server\\server\\lib\\bulkInsertTransactionDetail.js": {"path":"C:\\Users\\abdul\\Documents\\Abdullah-Bahy\\Hacktiv8\\Final-Project\\cari-barengan-server\\server\\lib\\bulkInsertTransactionDetail.js","statementMap":{"0":{"start":{"line":1,"column":30},"end":{"line":1,"column":50}},"1":{"start":{"line":2,"column":11},"end":{"line":2,"column":31}},"2":{"start":{"line":3,"column":23},"end":{"line":3,"column":55}},"3":{"start":{"line":6,"column":4},"end":{"line":10,"column":6}},"4":{"start":{"line":12,"column":4},"end":{"line":43,"column":5}},"5":{"start":{"line":45,"column":2},"end":{"line":45,"column":46}}},"fnMap":{"0":{"name":"bulkInsertTransactionDetail","decl":{"start":{"line":5,"column":15},"end":{"line":5,"column":42}},"loc":{"start":{"line":5,"column":45},"end":{"line":44,"column":3}},"line":5}},"branchMap":{},"s":{"0":1,"1":1,"2":1,"3":1,"4":1,"5":1},"f":{"0":1},"b":{},"_coverageSchema":"1a1c01bbd47fc00a2c39e90264f33305004495a9","hash":"c829c6e9d0e549db6638947ff83a61259918a784"}
,"C:\\Users\\abdul\\Documents\\Abdullah-Bahy\\Hacktiv8\\Final-Project\\cari-barengan-server\\server\\lib\\bulkInsertUserProfiles.js": {"path":"C:\\Users\\abdul\\Documents\\Abdullah-Bahy\\Hacktiv8\\Final-Project\\cari-barengan-server\\server\\lib\\bulkInsertUserProfiles.js","statementMap":{"0":{"start":{"line":1,"column":20},"end":{"line":1,"column":40}},"1":{"start":{"line":2,"column":11},"end":{"line":2,"column":31}},"2":{"start":{"line":3,"column":27},"end":{"line":3,"column":55}},"3":{"start":{"line":4,"column":23},"end":{"line":4,"column":55}},"4":{"start":{"line":7,"column":2},"end":{"line":11,"column":4}},"5":{"start":{"line":13,"column":2},"end":{"line":16,"column":4}},"6":{"start":{"line":18,"column":2},"end":{"line":64,"column":3}},"7":{"start":{"line":67,"column":0},"end":{"line":67,"column":39}}},"fnMap":{"0":{"name":"bulkInsertUserProfiles","decl":{"start":{"line":6,"column":15},"end":{"line":6,"column":37}},"loc":{"start":{"line":6,"column":40},"end":{"line":65,"column":1}},"line":6}},"branchMap":{},"s":{"0":1,"1":1,"2":1,"3":1,"4":1,"5":1,"6":1,"7":1},"f":{"0":1},"b":{},"_coverageSchema":"1a1c01bbd47fc00a2c39e90264f33305004495a9","hash":"c854e9c2643bf1fef8568887de528cc722b84ca8"}
,"C:\\Users\\abdul\\Documents\\Abdullah-Bahy\\Hacktiv8\\Final-Project\\cari-barengan-server\\server\\lib\\bulkInsertUsers.js": {"path":"C:\\Users\\abdul\\Documents\\Abdullah-Bahy\\Hacktiv8\\Final-Project\\cari-barengan-server\\server\\lib\\bulkInsertUsers.js","statementMap":{"0":{"start":{"line":1,"column":17},"end":{"line":1,"column":37}},"1":{"start":{"line":2,"column":11},"end":{"line":2,"column":31}},"2":{"start":{"line":3,"column":27},"end":{"line":3,"column":55}},"3":{"start":{"line":4,"column":23},"end":{"line":4,"column":55}},"4":{"start":{"line":7,"column":2},"end":{"line":11,"column":4}},"5":{"start":{"line":13,"column":2},"end":{"line":16,"column":4}},"6":{"start":{"line":18,"column":2},"end":{"line":58,"column":3}},"7":{"start":{"line":61,"column":0},"end":{"line":61,"column":32}}},"fnMap":{"0":{"name":"bulkInsertUsers","decl":{"start":{"line":6,"column":15},"end":{"line":6,"column":30}},"loc":{"start":{"line":6,"column":33},"end":{"line":59,"column":1}},"line":6}},"branchMap":{},"s":{"0":8,"1":8,"2":8,"3":8,"4":8,"5":8,"6":8,"7":8},"f":{"0":8},"b":{},"_coverageSchema":"1a1c01bbd47fc00a2c39e90264f33305004495a9","hash":"a8ac0d28c8795de1761024d2d6b09700f6739f82"}
,"C:\\Users\\abdul\\Documents\\Abdullah-Bahy\\Hacktiv8\\Final-Project\\cari-barengan-server\\server\\middlewares\\authentication.js": {"path":"C:\\Users\\abdul\\Documents\\Abdullah-Bahy\\Hacktiv8\\Final-Project\\cari-barengan-server\\server\\middlewares\\authentication.js","statementMap":{"0":{"start":{"line":1,"column":24},"end":{"line":1,"column":49}},"1":{"start":{"line":2,"column":17},"end":{"line":2,"column":37}},"2":{"start":{"line":4,"column":23},"end":{"line":27,"column":1}},"3":{"start":{"line":5,"column":2},"end":{"line":26,"column":3}},"4":{"start":{"line":6,"column":25},"end":{"line":6,"column":49}},"5":{"start":{"line":8,"column":4},"end":{"line":10,"column":5}},"6":{"start":{"line":9,"column":6},"end":{"line":9,"column":52}},"7":{"start":{"line":11,"column":20},"end":{"line":11,"column":45}},"8":{"start":{"line":12,"column":17},"end":{"line":12,"column":48}},"9":{"start":{"line":14,"column":4},"end":{"line":16,"column":5}},"10":{"start":{"line":15,"column":6},"end":{"line":15,"column":52}},"11":{"start":{"line":18,"column":4},"end":{"line":21,"column":6}},"12":{"start":{"line":23,"column":4},"end":{"line":23,"column":11}},"13":{"start":{"line":25,"column":4},"end":{"line":25,"column":14}},"14":{"start":{"line":29,"column":0},"end":{"line":29,"column":32}}},"fnMap":{"0":{"name":"(anonymous_0)","decl":{"start":{"line":4,"column":23},"end":{"line":4,"column":24}},"loc":{"start":{"line":4,"column":49},"end":{"line":27,"column":1}},"line":4}},"branchMap":{"0":{"loc":{"start":{"line":8,"column":4},"end":{"line":10,"column":5}},"type":"if","locations":[{"start":{"line":8,"column":4},"end":{"line":10,"column":5}},{"start":{},"end":{}}],"line":8},"1":{"loc":{"start":{"line":14,"column":4},"end":{"line":16,"column":5}},"type":"if","locations":[{"start":{"line":14,"column":4},"end":{"line":16,"column":5}},{"start":{},"end":{}}],"line":14}},"s":{"0":12,"1":12,"2":12,"3":75,"4":75,"5":75,"6":19,"7":56,"8":44,"9":44,"10":0,"11":44,"12":44,"13":31,"14":12},"f":{"0":75},"b":{"0":[19,56],"1":[0,44]},"_coverageSchema":"1a1c01bbd47fc00a2c39e90264f33305004495a9","hash":"7cf5f8dff07ddb60f1c220061f3c3ba618d4173f"}
,"C:\\Users\\abdul\\Documents\\Abdullah-Bahy\\Hacktiv8\\Final-Project\\cari-barengan-server\\server\\middlewares\\errorHandler.js": {"path":"C:\\Users\\abdul\\Documents\\Abdullah-Bahy\\Hacktiv8\\Final-Project\\cari-barengan-server\\server\\middlewares\\errorHandler.js","statementMap":{"0":{"start":{"line":2,"column":2},"end":{"line":2,"column":18}},"1":{"start":{"line":3,"column":2},"end":{"line":24,"column":3}},"2":{"start":{"line":4,"column":4},"end":{"line":6,"column":6}},"3":{"start":{"line":8,"column":7},"end":{"line":24,"column":3}},"4":{"start":{"line":9,"column":4},"end":{"line":11,"column":6}},"5":{"start":{"line":12,"column":9},"end":{"line":24,"column":3}},"6":{"start":{"line":13,"column":4},"end":{"line":15,"column":6}},"7":{"start":{"line":16,"column":9},"end":{"line":24,"column":3}},"8":{"start":{"line":17,"column":4},"end":{"line":19,"column":6}},"9":{"start":{"line":21,"column":4},"end":{"line":23,"column":6}},"10":{"start":{"line":27,"column":0},"end":{"line":27,"column":29}}},"fnMap":{"0":{"name":"errorHandler","decl":{"start":{"line":1,"column":9},"end":{"line":1,"column":21}},"loc":{"start":{"line":1,"column":43},"end":{"line":25,"column":1}},"line":1}},"branchMap":{"0":{"loc":{"start":{"line":3,"column":2},"end":{"line":24,"column":3}},"type":"if","locations":[{"start":{"line":3,"column":2},"end":{"line":24,"column":3}},{"start":{"line":8,"column":7},"end":{"line":24,"column":3}}],"line":3},"1":{"loc":{"start":{"line":8,"column":7},"end":{"line":24,"column":3}},"type":"if","locations":[{"start":{"line":8,"column":7},"end":{"line":24,"column":3}},{"start":{"line":12,"column":9},"end":{"line":24,"column":3}}],"line":8},"2":{"loc":{"start":{"line":12,"column":9},"end":{"line":24,"column":3}},"type":"if","locations":[{"start":{"line":12,"column":9},"end":{"line":24,"column":3}},{"start":{"line":16,"column":9},"end":{"line":24,"column":3}}],"line":12},"3":{"loc":{"start":{"line":16,"column":9},"end":{"line":24,"column":3}},"type":"if","locations":[{"start":{"line":16,"column":9},"end":{"line":24,"column":3}},{"start":{"line":20,"column":9},"end":{"line":24,"column":3}}],"line":16}},"s":{"0":69,"1":69,"2":35,"3":34,"4":18,"5":16,"6":4,"7":12,"8":12,"9":0,"10":12},"f":{"0":69},"b":{"0":[35,34],"1":[18,16],"2":[4,12],"3":[12,0]},"_coverageSchema":"1a1c01bbd47fc00a2c39e90264f33305004495a9","hash":"26cf606242328d58b14051854976b89a397a5d77"}
,"C:\\Users\\abdul\\Documents\\Abdullah-Bahy\\Hacktiv8\\Final-Project\\cari-barengan-server\\server\\models\\article.js": {"path":"C:\\Users\\abdul\\Documents\\Abdullah-Bahy\\Hacktiv8\\Final-Project\\cari-barengan-server\\server\\models\\article.js","statementMap":{"0":{"start":{"line":4,"column":4},"end":{"line":4,"column":24}},"1":{"start":{"line":5,"column":0},"end":{"line":68,"column":2}},"2":{"start":{"line":9,"column":6},"end":{"line":11,"column":8}},"3":{"start":{"line":14,"column":2},"end":{"line":66,"column":5}},"4":{"start":{"line":67,"column":2},"end":{"line":67,"column":17}}},"fnMap":{"0":{"name":"(anonymous_0)","decl":{"start":{"line":5,"column":17},"end":{"line":5,"column":18}},"loc":{"start":{"line":5,"column":43},"end":{"line":68,"column":1}},"line":5},"1":{"name":"(anonymous_1)","decl":{"start":{"line":7,"column":4},"end":{"line":7,"column":5}},"loc":{"start":{"line":7,"column":29},"end":{"line":12,"column":5}},"line":7}},"branchMap":{},"s":{"0":12,"1":12,"2":12,"3":12,"4":12},"f":{"0":12,"1":12},"b":{},"_coverageSchema":"1a1c01bbd47fc00a2c39e90264f33305004495a9","hash":"dd59e368d603797cf98337d26c07964d1c17bdaf"}
,"C:\\Users\\abdul\\Documents\\Abdullah-Bahy\\Hacktiv8\\Final-Project\\cari-barengan-server\\server\\models\\category.js": {"path":"C:\\Users\\abdul\\Documents\\Abdullah-Bahy\\Hacktiv8\\Final-Project\\cari-barengan-server\\server\\models\\category.js","statementMap":{"0":{"start":{"line":4,"column":4},"end":{"line":4,"column":24}},"1":{"start":{"line":5,"column":0},"end":{"line":30,"column":2}},"2":{"start":{"line":9,"column":6},"end":{"line":9,"column":38}},"3":{"start":{"line":12,"column":2},"end":{"line":28,"column":5}},"4":{"start":{"line":29,"column":2},"end":{"line":29,"column":18}}},"fnMap":{"0":{"name":"(anonymous_0)","decl":{"start":{"line":5,"column":17},"end":{"line":5,"column":18}},"loc":{"start":{"line":5,"column":43},"end":{"line":30,"column":1}},"line":5},"1":{"name":"(anonymous_1)","decl":{"start":{"line":7,"column":4},"end":{"line":7,"column":5}},"loc":{"start":{"line":7,"column":29},"end":{"line":10,"column":5}},"line":7}},"branchMap":{},"s":{"0":12,"1":12,"2":12,"3":12,"4":12},"f":{"0":12,"1":12},"b":{},"_coverageSchema":"1a1c01bbd47fc00a2c39e90264f33305004495a9","hash":"4e95ee720a442fd6462977a2395b3544764ce61e"}
,"C:\\Users\\abdul\\Documents\\Abdullah-Bahy\\Hacktiv8\\Final-Project\\cari-barengan-server\\server\\models\\comment.js": {"path":"C:\\Users\\abdul\\Documents\\Abdullah-Bahy\\Hacktiv8\\Final-Project\\cari-barengan-server\\server\\models\\comment.js","statementMap":{"0":{"start":{"line":4,"column":4},"end":{"line":4,"column":24}},"1":{"start":{"line":5,"column":0},"end":{"line":56,"column":2}},"2":{"start":{"line":9,"column":6},"end":{"line":11,"column":8}},"3":{"start":{"line":14,"column":2},"end":{"line":54,"column":5}},"4":{"start":{"line":55,"column":2},"end":{"line":55,"column":17}}},"fnMap":{"0":{"name":"(anonymous_0)","decl":{"start":{"line":5,"column":17},"end":{"line":5,"column":18}},"loc":{"start":{"line":5,"column":43},"end":{"line":56,"column":1}},"line":5},"1":{"name":"(anonymous_1)","decl":{"start":{"line":7,"column":4},"end":{"line":7,"column":5}},"loc":{"start":{"line":7,"column":29},"end":{"line":12,"column":5}},"line":7}},"branchMap":{},"s":{"0":12,"1":12,"2":12,"3":12,"4":12},"f":{"0":12,"1":12},"b":{},"_coverageSchema":"1a1c01bbd47fc00a2c39e90264f33305004495a9","hash":"0fb1aaadbadda369566b856bfb4399e2141e5a1e"}
,"C:\\Users\\abdul\\Documents\\Abdullah-Bahy\\Hacktiv8\\Final-Project\\cari-barengan-server\\server\\models\\equipment.js": {"path":"C:\\Users\\abdul\\Documents\\Abdullah-Bahy\\Hacktiv8\\Final-Project\\cari-barengan-server\\server\\models\\equipment.js","statementMap":{"0":{"start":{"line":4,"column":4},"end":{"line":4,"column":24}},"1":{"start":{"line":5,"column":0},"end":{"line":56,"column":2}},"2":{"start":{"line":9,"column":6},"end":{"line":11,"column":8}},"3":{"start":{"line":14,"column":2},"end":{"line":54,"column":5}},"4":{"start":{"line":55,"column":2},"end":{"line":55,"column":19}}},"fnMap":{"0":{"name":"(anonymous_0)","decl":{"start":{"line":5,"column":17},"end":{"line":5,"column":18}},"loc":{"start":{"line":5,"column":43},"end":{"line":56,"column":1}},"line":5},"1":{"name":"(anonymous_1)","decl":{"start":{"line":7,"column":4},"end":{"line":7,"column":5}},"loc":{"start":{"line":7,"column":29},"end":{"line":12,"column":5}},"line":7}},"branchMap":{},"s":{"0":12,"1":12,"2":12,"3":12,"4":12},"f":{"0":12,"1":12},"b":{},"_coverageSchema":"1a1c01bbd47fc00a2c39e90264f33305004495a9","hash":"2efa410d282b7290a4648e9a3ff0b82ecd2023ae"}
,"C:\\Users\\abdul\\Documents\\Abdullah-Bahy\\Hacktiv8\\Final-Project\\cari-barengan-server\\server\\models\\index.js": {"path":"C:\\Users\\abdul\\Documents\\Abdullah-Bahy\\Hacktiv8\\Final-Project\\cari-barengan-server\\server\\models\\index.js","statementMap":{"0":{"start":{"line":3,"column":11},"end":{"line":3,"column":24}},"1":{"start":{"line":4,"column":13},"end":{"line":4,"column":28}},"2":{"start":{"line":5,"column":18},"end":{"line":5,"column":38}},"3":{"start":{"line":6,"column":16},"end":{"line":6,"column":34}},"4":{"start":{"line":7,"column":17},"end":{"line":7,"column":42}},"5":{"start":{"line":8,"column":12},"end":{"line":8,"column":49}},"6":{"start":{"line":9,"column":15},"end":{"line":9,"column":65}},"7":{"start":{"line":10,"column":11},"end":{"line":10,"column":13}},"8":{"start":{"line":13,"column":0},"end":{"line":17,"column":1}},"9":{"start":{"line":14,"column":2},"end":{"line":14,"column":74}},"10":{"start":{"line":16,"column":2},"end":{"line":16,"column":87}},"11":{"start":{"line":19,"column":0},"end":{"line":32,"column":5}},"12":{"start":{"line":22,"column":4},"end":{"line":27,"column":6}},"13":{"start":{"line":30,"column":18},"end":{"line":30,"column":85}},"14":{"start":{"line":31,"column":4},"end":{"line":31,"column":27}},"15":{"start":{"line":34,"column":0},"end":{"line":38,"column":3}},"16":{"start":{"line":35,"column":2},"end":{"line":37,"column":3}},"17":{"start":{"line":36,"column":4},"end":{"line":36,"column":32}},"18":{"start":{"line":40,"column":0},"end":{"line":40,"column":25}},"19":{"start":{"line":41,"column":0},"end":{"line":41,"column":25}},"20":{"start":{"line":43,"column":0},"end":{"line":43,"column":20}}},"fnMap":{"0":{"name":"(anonymous_0)","decl":{"start":{"line":21,"column":10},"end":{"line":21,"column":11}},"loc":{"start":{"line":21,"column":18},"end":{"line":28,"column":3}},"line":21},"1":{"name":"(anonymous_1)","decl":{"start":{"line":29,"column":11},"end":{"line":29,"column":12}},"loc":{"start":{"line":29,"column":19},"end":{"line":32,"column":3}},"line":29},"2":{"name":"(anonymous_2)","decl":{"start":{"line":34,"column":24},"end":{"line":34,"column":25}},"loc":{"start":{"line":34,"column":37},"end":{"line":38,"column":1}},"line":34}},"branchMap":{"0":{"loc":{"start":{"line":8,"column":12},"end":{"line":8,"column":49}},"type":"binary-expr","locations":[{"start":{"line":8,"column":12},"end":{"line":8,"column":32}},{"start":{"line":8,"column":36},"end":{"line":8,"column":49}}],"line":8},"1":{"loc":{"start":{"line":13,"column":0},"end":{"line":17,"column":1}},"type":"if","locations":[{"start":{"line":13,"column":0},"end":{"line":17,"column":1}},{"start":{"line":15,"column":7},"end":{"line":17,"column":1}}],"line":13},"2":{"loc":{"start":{"line":23,"column":6},"end":{"line":26,"column":37}},"type":"binary-expr","locations":[{"start":{"line":23,"column":6},"end":{"line":23,"column":29}},{"start":{"line":24,"column":6},"end":{"line":24,"column":23}},{"start":{"line":25,"column":6},"end":{"line":25,"column":30}},{"start":{"line":26,"column":6},"end":{"line":26,"column":37}}],"line":23},"3":{"loc":{"start":{"line":35,"column":2},"end":{"line":37,"column":3}},"type":"if","locations":[{"start":{"line":35,"column":2},"end":{"line":37,"column":3}},{"start":{},"end":{}}],"line":35}},"s":{"0":12,"1":12,"2":12,"3":12,"4":12,"5":12,"6":12,"7":12,"8":12,"9":0,"10":12,"11":12,"12":168,"13":156,"14":156,"15":12,"16":156,"17":156,"18":12,"19":12,"20":12},"f":{"0":168,"1":156,"2":156},"b":{"0":[12,0],"1":[0,12],"2":[168,168,156,156],"3":[156,0]},"_coverageSchema":"1a1c01bbd47fc00a2c39e90264f33305004495a9","hash":"af1b6fc3ac0fd29a59195600910774bae13b2ae8"}
[...]
,"C:\\Users\\abdul\\Documents\\Abdullah-Bahy\\Hacktiv8\\Final-Project\\cari-barengan-server\\server\\routes\\index.js": {"path":"C:\\Users\\abdul\\Documents\\Abdullah-Bahy\\Hacktiv8\\Final-Project\\cari-barengan-server\\server\\routes\\index.js","statementMap":{"0":{"start":{"line":1,"column":16},"end":{"line":1,"column":34}},"1":{"start":{"line":2,"column":15},"end":{"line":2,"column":31}},"2":{"start":{"line":3,"column":13},"end":{"line":3,"column":30}},"3":{"start":{"line":4,"column":14},"end":{"line":4,"column":32}},"4":{"start":{"line":5,"column":12},"end":{"line":5,"column":28}},"5":{"start":{"line":6,"column":23},"end":{"line":6,"column":63}},"6":{"start":{"line":8,"column":0},"end":{"line":8,"column":16}},"7":{"start":{"line":9,"column":0},"end":{"line":9,"column":26}},"8":{"start":{"line":10,"column":0},"end":{"line":10,"column":17}},"9":{"start":{"line":11,"column":0},"end":{"line":11,"column":15}},"10":{"start":{"line":13,"column":0},"end":{"line":13,"column":24}}},"fnMap":{},"branchMap":{},"s":{"0":12,"1":12,"2":12,"3":12,"4":12,"5":12,"6":12,"7":12,"8":12,"9":12,"10":12},"f":{},"b":{},"_coverageSchema":"1a1c01bbd47fc00a2c39e90264f33305004495a9","hash":"532af8f717ac0f7000008b64777e8bf150acf4b6"}
,"C:\\Users\\abdul\\Documents\\Abdullah-Bahy\\Hacktiv8\\Final-Project\\cari-barengan-server\\server\\routes\\admin\\articles.js": {"path":"C:\\Users\\abdul\\Documents\\Abdullah-Bahy\\Hacktiv8\\Final-Project\\cari-barengan-server\\server\\routes\\admin\\articles.js","statementMap":{"0":{"start":{"line":1,"column":16},"end":{"line":1,"column":34}},"1":{"start":{"line":2,"column":26},"end":{"line":2,"column":78}},"2":{"start":{"line":3,"column":15},"end":{"line":3,"column":31}},"3":{"start":{"line":4,"column":15},"end":{"line":4,"column":53}},"4":{"start":{"line":7,"column":0},"end":{"line":7,"column":77}},"5":{"start":{"line":8,"column":0},"end":{"line":8,"column":49}},"6":{"start":{"line":9,"column":0},"end":{"line":9,"column":54}},"7":{"start":{"line":10,"column":0},"end":{"line":10,"column":57}},"8":{"start":{"line":11,"column":0},"end":{"line":11,"column":60}},"9":{"start":{"line":13,"column":0},"end":{"line":13,"column":23}}},"fnMap":{},"branchMap":{},"s":{"0":12,"1":12,"2":12,"3":12,"4":12,"5":12,"6":12,"7":12,"8":12,"9":12},"f":{},"b":{},"_coverageSchema":"1a1c01bbd47fc00a2c39e90264f33305004495a9","hash":"a77a6984cf27433f0f5a8e79b0a702817137296d"}
,"C:\\Users\\abdul\\Documents\\Abdullah-Bahy\\Hacktiv8\\Final-Project\\cari-barengan-server\\server\\routes\\admin\\categories.js": {"path":"C:\\Users\\abdul\\Documents\\Abdullah-Bahy\\Hacktiv8\\Final-Project\\cari-barengan-server\\server\\routes\\admin\\categories.js","statementMap":{"0":{"start":{"line":1,"column":16},"end":{"line":1,"column":34}},"1":{"start":{"line":2,"column":27},"end":{"line":2,"column":80}},"2":{"start":{"line":3,"column":15},"end":{"line":3,"column":31}},"3":{"start":{"line":5,"column":0},"end":{"line":5,"column":52}},"4":{"start":{"line":7,"column":0},"end":{"line":7,"column":23}}},"fnMap":{},"branchMap":{},"s":{"0":12,"1":12,"2":12,"3":12,"4":12},"f":{},"b":{},"_coverageSchema":"1a1c01bbd47fc00a2c39e90264f33305004495a9","hash":"e86b1ff9165a501058a8f0e984eb919667933db7"}
,"C:\\Users\\abdul\\Documents\\Abdullah-Bahy\\Hacktiv8\\Final-Project\\cari-barengan-server\\server\\routes\\admin\\index.js": {"path":"C:\\Users\\abdul\\Documents\\Abdullah-Bahy\\Hacktiv8\\Final-Project\\cari-barengan-server\\server\\routes\\admin\\index.js","statementMap":{"0":{"start":{"line":1,"column":16},"end":{"line":1,"column":34}},"1":{"start":{"line":2,"column":15},"end":{"line":2,"column":31}},"2":{"start":{"line":3,"column":16},"end":{"line":3,"column":37}},"3":{"start":{"line":4,"column":14},"end":{"line":4,"column":33}},"4":{"start":{"line":5,"column":16},"end":{"line":5,"column":37}},"5":{"start":{"line":6,"column":20},"end":{"line":6,"column":45}},"6":{"start":{"line":7,"column":19},"end":{"line":7,"column":42}},"7":{"start":{"line":8,"column":18},"end":{"line":8,"column":40}},"8":{"start":{"line":10,"column":0},"end":{"line":10,"column":21}},"9":{"start":{"line":11,"column":0},"end":{"line":11,"column":19}},"10":{"start":{"line":12,"column":0},"end":{"line":12,"column":22}},"11":{"start":{"line":13,"column":0},"end":{"line":13,"column":17}},"12":{"start":{"line":14,"column":0},"end":{"line":14,"column":19}},"13":{"start":{"line":15,"column":0},"end":{"line":15,"column":23}},"14":{"start":{"line":17,"column":0},"end":{"line":17,"column":23}}},"fnMap":{},"branchMap":{},"s":{"0":12,"1":12,"2":12,"3":12,"4":12,"5":12,"6":12,"7":12,"8":12,"9":12,"10":12,"11":12,"12":12,"13":12,"14":12},"f":{},"b":{},"_coverageSchema":"1a1c01bbd47fc00a2c39e90264f33305004495a9","hash":"a83e0dc544bf0536cbefe9dc1c776117d9604e07"}
,"C:\\Users\\abdul\\Documents\\Abdullah-Bahy\\Hacktiv8\\Final-Project\\cari-barengan-server\\server\\routes\\admin\\mountains.js": {"path":"C:\\Users\\abdul\\Documents\\Abdullah-Bahy\\Hacktiv8\\Final-Project\\cari-barengan-server\\server\\routes\\admin\\mountains.js","statementMap":{"0":{"start":{"line":1,"column":16},"end":{"line":1,"column":34}},"1":{"start":{"line":2,"column":27},"end":{"line":2,"column":80}},"2":{"start":{"line":3,"column":15},"end":{"line":3,"column":31}},"3":{"start":{"line":5,"column":0},"end":{"line":5,"column":51}},"4":{"start":{"line":7,"column":0},"end":{"line":7,"column":23}}},"fnMap":{},"branchMap":{},"s":{"0":12,"1":12,"2":12,"3":12,"4":12},"f":{},"b":{},"_coverageSchema":"1a1c01bbd47fc00a2c39e90264f33305004495a9","hash":"47b4cb4cafa2a58b5ff32f4b8b2cfe346a01e81b"}
,"C:\\Users\\abdul\\Documents\\Abdullah-Bahy\\Hacktiv8\\Final-Project\\cari-barengan-server\\server\\routes\\admin\\products.js": {"path":"C:\\Users\\abdul\\Documents\\Abdullah-Bahy\\Hacktiv8\\Final-Project\\cari-barengan-server\\server\\routes\\admin\\products.js","statementMap":{"0":{"start":{"line":1,"column":16},"end":{"line":1,"column":34}},"1":{"start":{"line":2,"column":26},"end":{"line":2,"column":78}},"2":{"start":{"line":3,"column":15},"end":{"line":3,"column":31}},"3":{"start":{"line":4,"column":15},"end":{"line":4,"column":53}},"4":{"start":{"line":6,"column":0},"end":{"line":6,"column":77}},"5":{"start":{"line":7,"column":0},"end":{"line":7,"column":65}},"6":{"start":{"line":8,"column":0},"end":{"line":8,"column":54}},"7":{"start":{"line":9,"column":0},"end":{"line":9,"column":57}},"8":{"start":{"line":10,"column":0},"end":{"line":10,"column":65}},"9":{"start":{"line":11,"column":0},"end":{"line":11,"column":60}},"10":{"start":{"line":13,"column":0},"end":{"line":13,"column":23}}},"fnMap":{},"branchMap":{},"s":{"0":12,"1":12,"2":12,"3":12,"4":12,"5":12,"6":12,"7":12,"8":12,"9":12,"10":12},"f":{},"b":{},"_coverageSchema":"1a1c01bbd47fc00a2c39e90264f33305004495a9","hash":"29095f311dea37518fada8e97587199b2eaa7a49"}
,"C:\\Users\\abdul\\Documents\\Abdullah-Bahy\\Hacktiv8\\Final-Project\\cari-barengan-server\\server\\routes\\admin\\stores.js": {"path":"C:\\Users\\abdul\\Documents\\Abdullah-Bahy\\Hacktiv8\\Final-Project\\cari-barengan-server\\server\\routes\\admin\\stores.js","statementMap":{"0":{"start":{"line":1,"column":16},"end":{"line":1,"column":34}},"1":{"start":{"line":2,"column":24},"end":{"line":2,"column":74}},"2":{"start":{"line":3,"column":15},"end":{"line":3,"column":31}},"3":{"start":{"line":5,"column":0},"end":{"line":5,"column":46}},"4":{"start":{"line":6,"column":0},"end":{"line":6,"column":45}},"5":{"start":{"line":7,"column":0},"end":{"line":7,"column":50}},"6":{"start":{"line":8,"column":0},"end":{"line":8,"column":53}},"7":{"start":{"line":9,"column":0},"end":{"line":9,"column":56}},"8":{"start":{"line":11,"column":0},"end":{"line":11,"column":23}}},"fnMap":{},"branchMap":{},"s":{"0":12,"1":12,"2":12,"3":12,"4":12,"5":12,"6":12,"7":12,"8":12},"f":{},"b":{},"_coverageSchema":"1a1c01bbd47fc00a2c39e90264f33305004495a9","hash":"c41e4b9667d3be91d2241830c1a9e676efe88e5f"}
,"C:\\Users\\abdul\\Documents\\Abdullah-Bahy\\Hacktiv8\\Final-Project\\cari-barengan-server\\server\\routes\\admin\\transactions.js": {"path":"C:\\Users\\abdul\\Documents\\Abdullah-Bahy\\Hacktiv8\\Final-Project\\cari-barengan-server\\server\\routes\\admin\\transactions.js","statementMap":{"0":{"start":{"line":1,"column":16},"end":{"line":1,"column":34}},"1":{"start":{"line":2,"column":30},"end":{"line":2,"column":86}},"2":{"start":{"line":3,"column":15},"end":{"line":3,"column":31}},"3":{"start":{"line":5,"column":0},"end":{"line":5,"column":57}},"4":{"start":{"line":6,"column":0},"end":{"line":6,"column":62}},"5":{"start":{"line":7,"column":0},"end":{"line":7,"column":73}},"6":{"start":{"line":9,"column":0},"end":{"line":9,"column":23}}},"fnMap":{},"branchMap":{},"s":{"0":12,"1":12,"2":12,"3":12,"4":12,"5":12,"6":12},"f":{},"b":{},"_coverageSchema":"1a1c01bbd47fc00a2c39e90264f33305004495a9","hash":"bd23f9a6c80e2caccaaef9c68993ae08596820cf"}
,"C:\\Users\\abdul\\Documents\\Abdullah-Bahy\\Hacktiv8\\Final-Project\\cari-barengan-server\\server\\routes\\pub\\article.js": {"path":"C:\\Users\\abdul\\Documents\\Abdullah-Bahy\\Hacktiv8\\Final-Project\\cari-barengan-server\\server\\routes\\pub\\article.js","statementMap":{"0":{"start":{"line":1,"column":16},"end":{"line":1,"column":34}},"1":{"start":{"line":2,"column":26},"end":{"line":2,"column":78}},"2":{"start":{"line":3,"column":15},"end":{"line":3,"column":31}},"3":{"start":{"line":5,"column":0},"end":{"line":5,"column":54}},"4":{"start":{"line":6,"column":0},"end":{"line":6,"column":59}},"5":{"start":{"line":8,"column":0},"end":{"line":8,"column":24}}},"fnMap":{},"branchMap":{},"s":{"0":12,"1":12,"2":12,"3":12,"4":12,"5":12},"f":{},"b":{},"_coverageSchema":"1a1c01bbd47fc00a2c39e90264f33305004495a9","hash":"fe65a08a6ec8bee1b4791f84cd2ebd7abf4c871f"}
,"C:\\Users\\abdul\\Documents\\Abdullah-Bahy\\Hacktiv8\\Final-Project\\cari-barengan-server\\server\\routes\\pub\\categories.js": {"path":"C:\\Users\\abdul\\Documents\\Abdullah-Bahy\\Hacktiv8\\Final-Project\\cari-barengan-server\\server\\routes\\pub\\categories.js","statementMap":{"0":{"start":{"line":1,"column":16},"end":{"line":1,"column":34}},"1":{"start":{"line":2,"column":27},"end":{"line":2,"column":78}},"2":{"start":{"line":3,"column":15},"end":{"line":3,"column":31}},"3":{"start":{"line":5,"column":0},"end":{"line":5,"column":57}},"4":{"start":{"line":6,"column":0},"end":{"line":6,"column":62}},"5":{"start":{"line":8,"column":0},"end":{"line":8,"column":24}}},"fnMap":{},"branchMap":{},"s":{"0":12,"1":12,"2":12,"3":12,"4":12,"5":12},"f":{},"b":{},"_coverageSchema":"1a1c01bbd47fc00a2c39e90264f33305004495a9","hash":"513ec2e201d8c73739f19ca7160be82bfc5680eb"}
,"C:\\Users\\abdul\\Documents\\Abdullah-Bahy\\Hacktiv8\\Final-Project\\cari-barengan-server\\server\\routes\\pub\\index.js": {"path":"C:\\Users\\abdul\\Documents\\Abdullah-Bahy\\Hacktiv8\\Final-Project\\cari-barengan-server\\server\\routes\\pub\\index.js","statementMap":{"0":{"start":{"line":1,"column":16},"end":{"line":1,"column":34}},"1":{"start":{"line":2,"column":15},"end":{"line":2,"column":31}},"2":{"start":{"line":3,"column":17},"end":{"line":3,"column":38}},"3":{"start":{"line":4,"column":16},"end":{"line":4,"column":36}},"4":{"start":{"line":5,"column":21},"end":{"line":5,"column":46}},"5":{"start":{"line":6,"column":21},"end":{"line":6,"column":46}},"6":{"start":{"line":7,"column":18},"end":{"line":7,"column":39}},"7":{"start":{"line":8,"column":16},"end":{"line":8,"column":36}},"8":{"start":{"line":9,"column":19},"end":{"line":9,"column":42}},"9":{"start":{"line":11,"column":0},"end":{"line":11,"column":23}},"10":{"start":{"line":12,"column":0},"end":{"line":12,"column":21}},"11":{"start":{"line":13,"column":0},"end":{"line":13,"column":25}},"12":{"start":{"line":14,"column":0},"end":{"line":14,"column":20}},"13":{"start":{"line":15,"column":0},"end":{"line":15,"column":25}},"14":{"start":{"line":16,"column":0},"end":{"line":16,"column":22}},"15":{"start":{"line":17,"column":0},"end":{"line":17,"column":20}},"16":{"start":{"line":19,"column":0},"end":{"line":19,"column":24}}},"fnMap":{},"branchMap":{},"s":{"0":12,"1":12,"2":12,"3":12,"4":12,"5":12,"6":12,"7":12,"8":12,"9":12,"10":12,"11":12,"12":12,"13":12,"14":12,"15":12,"16":12},"f":{},"b":{},"_coverageSchema":"1a1c01bbd47fc00a2c39e90264f33305004495a9","hash":"d3eb5f3c28302c5b633b84610dda6ee9e4631207"}
,"C:\\Users\\abdul\\Documents\\Abdullah-Bahy\\Hacktiv8\\Final-Project\\cari-barengan-server\\server\\routes\\pub\\mountain.js": {"path":"C:\\Users\\abdul\\Documents\\Abdullah-Bahy\\Hacktiv8\\Final-Project\\cari-barengan-server\\server\\routes\\pub\\mountain.js","statementMap":{"0":{"start":{"line":1,"column":16},"end":{"line":1,"column":34}},"1":{"start":{"line":2,"column":27},"end":{"line":2,"column":78}},"2":{"start":{"line":3,"column":15},"end":{"line":3,"column":31}},"3":{"start":{"line":5,"column":0},"end":{"line":5,"column":56}},"4":{"start":{"line":7,"column":0},"end":{"line":7,"column":24}}},"fnMap":{},"branchMap":{},"s":{"0":12,"1":12,"2":12,"3":12,"4":12},"f":{},"b":{},"_coverageSchema":"1a1c01bbd47fc00a2c39e90264f33305004495a9","hash":"e2c37391c9d7acd484a4aac8a843f70f3db0d89d"}
,"C:\\Users\\abdul\\Documents\\Abdullah-Bahy\\Hacktiv8\\Final-Project\\cari-barengan-server\\server\\routes\\pub\\products.js": {"path":"C:\\Users\\abdul\\Documents\\Abdullah-Bahy\\Hacktiv8\\Final-Project\\cari-barengan-server\\server\\routes\\pub\\products.js","statementMap":{"0":{"start":{"line":1,"column":16},"end":{"line":1,"column":34}},"1":{"start":{"line":2,"column":26},"end":{"line":2,"column":76}},"2":{"start":{"line":3,"column":15},"end":{"line":3,"column":31}},"3":{"start":{"line":5,"column":0},"end":{"line":5,"column":54}},"4":{"start":{"line":6,"column":0},"end":{"line":6,"column":59}},"5":{"start":{"line":8,"column":0},"end":{"line":8,"column":24}}},"fnMap":{},"branchMap":{},"s":{"0":12,"1":12,"2":12,"3":12,"4":12,"5":12},"f":{},"b":{},"_coverageSchema":"1a1c01bbd47fc00a2c39e90264f33305004495a9","hash":"2c7d3f280b744ad037e15e5b8558237d8e2974cb"}
,"C:\\Users\\abdul\\Documents\\Abdullah-Bahy\\Hacktiv8\\Final-Project\\cari-barengan-server\\server\\routes\\pub\\threadMember.js": {"path":"C:\\Users\\abdul\\Documents\\Abdullah-Bahy\\Hacktiv8\\Final-Project\\cari-barengan-server\\server\\routes\\pub\\threadMember.js","statementMap":{"0":{"start":{"line":1,"column":16},"end":{"line":1,"column":34}},"1":{"start":{"line":2,"column":31},"end":{"line":2,"column":86}},"2":{"start":{"line":3,"column":15},"end":{"line":3,"column":31}},"3":{"start":{"line":5,"column":0},"end":{"line":5,"column":76}},"4":{"start":{"line":6,"column":0},"end":{"line":6,"column":83}},"5":{"start":{"line":7,"column":0},"end":{"line":7,"column":80}},"6":{"start":{"line":8,"column":0},"end":{"line":8,"column":79}},"7":{"start":{"line":9,"column":0},"end":{"line":9,"column":80}},"8":{"start":{"line":11,"column":0},"end":{"line":11,"column":24}}},"fnMap":{},"branchMap":{},"s":{"0":12,"1":12,"2":12,"3":12,"4":12,"5":12,"6":12,"7":12,"8":12},"f":{},"b":{},"_coverageSchema":"1a1c01bbd47fc00a2c39e90264f33305004495a9","hash":"4db643432cca124273ba92093a1e1368eb1e53de"}
,"C:\\Users\\abdul\\Documents\\Abdullah-Bahy\\Hacktiv8\\Final-Project\\cari-barengan-server\\server\\routes\\pub\\threads.js": {"path":"C:\\Users\\abdul\\Documents\\Abdullah-Bahy\\Hacktiv8\\Final-Project\\cari-barengan-server\\server\\routes\\pub\\threads.js","statementMap":{"0":{"start":{"line":1,"column":16},"end":{"line":1,"column":34}},"1":{"start":{"line":2,"column":25},"end":{"line":2,"column":74}},"2":{"start":{"line":3,"column":15},"end":{"line":3,"column":31}},"3":{"start":{"line":5,"column":0},"end":{"line":5,"column":58}},"4":{"start":{"line":6,"column":0},"end":{"line":6,"column":69}},"5":{"start":{"line":7,"column":0},"end":{"line":7,"column":60}},"6":{"start":{"line":8,"column":0},"end":{"line":8,"column":59}},"7":{"start":{"line":9,"column":0},"end":{"line":9,"column":60}},"8":{"start":{"line":10,"column":0},"end":{"line":10,"column":65}},"9":{"start":{"line":11,"column":0},"end":{"line":11,"column":65}},"10":{"start":{"line":13,"column":0},"end":{"line":13,"column":24}}},"fnMap":{},"branchMap":{},"s":{"0":12,"1":12,"2":12,"3":12,"4":12,"5":12,"6":12,"7":12,"8":12,"9":12,"10":12},"f":{},"b":{},"_coverageSchema":"1a1c01bbd47fc00a2c39e90264f33305004495a9","hash":"0a4278d7046d99e5035ec55e3b45e1ae3dff0866"}
,"C:\\Users\\abdul\\Documents\\Abdullah-Bahy\\Hacktiv8\\Final-Project\\cari-barengan-server\\server\\routes\\pub\\transactions.js": {"path":"C:\\Users\\abdul\\Documents\\Abdullah-Bahy\\Hacktiv8\\Final-Project\\cari-barengan-server\\server\\routes\\pub\\transactions.js","statementMap":{"0":{"start":{"line":1,"column":16},"end":{"line":1,"column":34}},"1":{"start":{"line":2,"column":30},"end":{"line":2,"column":84}},"2":{"start":{"line":3,"column":15},"end":{"line":3,"column":31}},"3":{"start":{"line":5,"column":0},"end":{"line":5,"column":74}},"4":{"start":{"line":6,"column":0},"end":{"line":6,"column":24}}},"fnMap":{},"branchMap":{},"s":{"0":12,"1":12,"2":12,"3":12,"4":12},"f":{},"b":{},"_coverageSchema":"1a1c01bbd47fc00a2c39e90264f33305004495a9","hash":"d19acf43e23a96c902d552e20918423a2f0ffa3c"}
,"C:\\Users\\abdul\\Documents\\Abdullah-Bahy\\Hacktiv8\\Final-Project\\cari-barengan-server\\server\\routes\\user\\index.js": {"path":"C:\\Users\\abdul\\Documents\\Abdullah-Bahy\\Hacktiv8\\Final-Project\\cari-barengan-server\\server\\routes\\user\\index.js","statementMap":{"0":{"start":{"line":1,"column":16},"end":{"line":1,"column":34}},"1":{"start":{"line":2,"column":24},"end":{"line":2,"column":73}},"2":{"start":{"line":3,"column":23},"end":{"line":3,"column":70}},"3":{"start":{"line":4,"column":15},"end":{"line":4,"column":53}},"4":{"start":{"line":5,"column":15},"end":{"line":5,"column":31}},"5":{"start":{"line":7,"column":0},"end":{"line":7,"column":51}},"6":{"start":{"line":8,"column":0},"end":{"line":8,"column":45}},"7":{"start":{"line":10,"column":0},"end":{"line":10,"column":85}},"8":{"start":{"line":11,"column":0},"end":{"line":11,"column":48}},"9":{"start":{"line":13,"column":0},"end":{"line":13,"column":24}}},"fnMap":{},"branchMap":{},"s":{"0":12,"1":12,"2":12,"3":12,"4":12,"5":12,"6":12,"7":12,"8":12,"9":12},"f":{},"b":{},"_coverageSchema":"1a1c01bbd47fc00a2c39e90264f33305004495a9","hash":"53562db2a3f8819f426e1a65eaae697370fd8698"}
}
