TN:
SF:app.js
FNF:0
FNH:0
DA:1,12
DA:2,12
DA:5,12
DA:6,12
DA:7,12
DA:8,12
DA:9,12
DA:11,12
DA:12,12
DA:13,12
DA:15,12
DA:17,12
DA:19,12
LF:13
LH:13
BRDA:1,0,0,12
BRDA:1,0,1,0
BRF:2
BRH:1
end_of_record
TN:
SF:Controllers\admin\articleController.js
FN:6,(anonymous_0)
FN:31,(anonymous_1)
FN:46,(anonymous_2)
FN:66,(anonymous_3)
FN:90,(anonymous_4)
FNF:5
FNH:5
FNDA:1,(anonymous_0)
FNDA:2,(anonymous_1)
FNDA:4,(anonymous_2)
FNDA:1,(anonymous_3)
FNDA:1,(anonymous_4)
DA:1,12
DA:2,12
DA:7,1
DA:8,1
DA:9,1
DA:10,1
DA:12,1
DA:14,1
DA:15,0
DA:18,1
DA:25,1
DA:27,0
DA:32,2
DA:33,2
DA:40,2
DA:42,0
DA:47,4
DA:48,4
DA:56,4
DA:57,2
DA:60,2
DA:62,2
DA:67,1
DA:68,1
DA:70,1
DA:72,1
DA:73,0
DA:76,1
DA:82,1
DA:86,0
DA:91,1
DA:92,1
DA:94,1
DA:95,0
DA:98,1
DA:100,1
DA:104,0
DA:109,12
LF:38
LH:31
BRDA:14,0,0,0
BRDA:14,0,1,1
BRDA:56,1,0,2
BRDA:56,1,1,2
BRDA:72,2,0,0
BRDA:72,2,1,1
BRDA:94,3,0,0
BRDA:94,3,1,1
BRF:8
BRH:5
end_of_record
TN:
SF:Controllers\admin\categoryController.js
FN:4,(anonymous_0)
FNF:1
FNH:1
FNDA:1,(anonymous_0)
DA:1,12
DA:5,1
DA:6,1
DA:8,1
DA:10,0
DA:15,12
LF:6
LH:5
BRF:0
BRH:0
end_of_record
TN:
SF:Controllers\admin\mountainController.js
FN:4,(anonymous_0)
FNF:1
FNH:1
FNDA:1,(anonymous_0)
DA:1,12
DA:5,1
DA:6,1
DA:8,1
DA:10,0
DA:16,12
LF:6
LH:5
BRF:0
BRH:0
end_of_record
TN:
SF:Controllers\admin\productController.js
FN:5,(anonymous_0)
FN:25,(anonymous_1)
FN:44,(anonymous_2)
FN:61,(anonymous_3)
FN:80,(anonymous_4)
FN:101,(anonymous_5)
FNF:6
FNH:1
FNDA:0,(anonymous_0)
FNDA:0,(anonymous_1)
FNDA:1,(anonymous_2)
FNDA:0,(anonymous_3)
FNDA:0,(anonymous_4)
FNDA:0,(anonymous_5)
DA:1,12
DA:2,12
DA:6,0
DA:7,0
DA:8,0
DA:10,0
DA:19,0
DA:21,0
DA:26,0
DA:27,0
DA:33,0
DA:38,0
DA:40,0
DA:45,1
DA:46,1
DA:51,1
DA:52,0
DA:55,1
DA:57,0
DA:62,0
DA:63,0
DA:65,0
DA:71,0
DA:76,0
DA:81,0
DA:82,0
DA:83,0
DA:85,0
DA:86,0
DA:89,0
DA:93,0
DA:97,0
DA:102,0
DA:103,0
DA:105,0
DA:106,0
DA:109,0
DA:111,0
DA:115,0
DA:120,12
LF:40
LH:7
BRDA:51,0,0,0
BRDA:51,0,1,1
BRDA:85,1,0,0
BRDA:85,1,1,0
BRDA:105,2,0,0
BRDA:105,2,1,0
BRF:6
BRH:1
end_of_record
TN:
SF:Controllers\admin\storeController.js
FN:4,(anonymous_0)
FN:22,(anonymous_1)
FN:34,(anonymous_2)
FN:51,(anonymous_3)
FN:75,(anonymous_4)
FNF:5
FNH:5
FNDA:5,(anonymous_0)
FNDA:1,(anonymous_1)
FNDA:2,(anonymous_2)
FNDA:8,(anonymous_3)
FNDA:2,(anonymous_4)
DA:1,12
DA:5,5
DA:6,5
DA:8,5
DA:16,1
DA:18,4
DA:23,1
DA:24,1
DA:28,1
DA:30,0
DA:35,2
DA:36,2
DA:41,2
DA:42,1
DA:45,1
DA:47,1
DA:52,8
DA:53,8
DA:55,8
DA:57,8
DA:58,1
DA:61,7
DA:67,4
DA:71,4
DA:76,2
DA:77,2
DA:79,2
DA:80,1
DA:83,1
DA:89,1
DA:93,1
DA:98,12
LF:32
LH:31
BRDA:41,0,0,1
BRDA:41,0,1,1
BRDA:57,1,0,1
BRDA:57,1,1,7
BRDA:79,2,0,1
BRDA:79,2,1,1
BRF:6
BRH:6
end_of_record
TN:
SF:Controllers\admin\transactionController.js
FN:4,(anonymous_0)
FN:60,(anonymous_1)
FN:105,(anonymous_2)
FNF:3
FNH:2
FNDA:2,(anonymous_0)
FNDA:0,(anonymous_1)
FNDA:2,(anonymous_2)
DA:1,12
DA:5,2
DA:6,2
DA:29,2
DA:32,0
DA:61,0
DA:75,0
DA:98,0
DA:101,0
DA:106,2
DA:107,2
DA:108,2
DA:109,2
DA:111,2
DA:112,1
DA:115,1
DA:119,1
DA:123,1
DA:128,12
LF:19
LH:14
BRDA:111,0,0,1
BRDA:111,0,1,1
BRF:2
BRH:2
end_of_record
TN:
SF:Controllers\admin\userController.js
FN:6,(anonymous_0)
FN:37,(anonymous_1)
FNF:2
FNH:2
FNDA:7,(anonymous_0)
FNDA:5,(anonymous_1)
DA:1,12
DA:2,12
DA:3,12
DA:7,7
DA:8,7
DA:9,7
DA:11,7
DA:18,1
DA:26,1
DA:33,6
DA:38,5
DA:39,5
DA:41,5
DA:43,5
DA:44,1
DA:47,4
DA:48,1
DA:51,3
DA:55,3
DA:56,2
DA:59,1
DA:61,1
DA:62,0
DA:65,1
DA:69,1
DA:76,4
DA:78,4
DA:79,4
DA:85,12
LF:29
LH:28
BRDA:43,0,0,1
BRDA:43,0,1,4
BRDA:47,1,0,1
BRDA:47,1,1,3
BRDA:55,2,0,2
BRDA:55,2,1,1
BRDA:61,3,0,0
BRDA:61,3,1,1
BRF:8
BRH:7
end_of_record
TN:
SF:Controllers\pub\categoryController.js
FN:4,(anonymous_0)
FN:14,(anonymous_1)
FNF:2
FNH:2
FNDA:1,(anonymous_0)
FNDA:1,(anonymous_1)
DA:1,12
DA:5,1
DA:6,1
DA:8,1
DA:10,0
DA:15,1
DA:16,1
DA:17,1
DA:19,1
DA:21,0
DA:26,12
LF:11
LH:9
BRF:0
BRH:0
end_of_record
TN:
SF:Controllers\pub\mountainController.js
FN:4,(anonymous_0)
FNF:1
FNH:1
FNDA:1,(anonymous_0)
DA:1,12
DA:5,1
DA:6,1
DA:8,1
DA:10,1
DA:11,0
DA:14,1
DA:16,1
DA:18,0
DA:23,12
LF:10
LH:8
BRDA:10,0,0,0
BRDA:10,0,1,1
BRF:2
BRH:1
end_of_record
TN:
SF:Controllers\pub\productController.js
FN:4,(anonymous_0)
FN:14,(anonymous_1)
FNF:2
FNH:1
FNDA:1,(anonymous_0)
FNDA:0,(anonymous_1)
DA:1,12
DA:5,1
DA:6,1
DA:8,1
DA:10,0
DA:15,0
DA:16,0
DA:18,0
DA:20,0
DA:21,0
DA:24,0
DA:26,0
DA:31,12
LF:13
LH:5
BRDA:20,0,0,0
BRDA:20,0,1,0
BRF:2
BRH:0
end_of_record
TN:
SF:Controllers\pub\threadController.js
FN:5,(anonymous_0)
FN:43,(anonymous_1)
FN:71,(anonymous_2)
FN:92,(anonymous_3)
FN:119,(anonymous_4)
FN:149,(anonymous_5)
FN:167,(anonymous_6)
FNF:7
FNH:5
FNDA:1,(anonymous_0)
FNDA:0,(anonymous_1)
FNDA:1,(anonymous_2)
FNDA:0,(anonymous_3)
FNDA:1,(anonymous_4)
FNDA:2,(anonymous_5)
FNDA:1,(anonymous_6)
DA:1,12
DA:2,12
DA:6,1
DA:7,1
DA:9,1
DA:24,1
DA:25,0
DA:27,1
DA:30,1
DA:31,0
DA:32,0
DA:35,1
DA:37,1
DA:39,0
DA:44,0
DA:45,0
DA:63,0
DA:65,0
DA:67,0
DA:72,1
DA:73,1
DA:75,1
DA:86,1
DA:88,0
DA:93,0
DA:94,0
DA:96,0
DA:98,0
DA:100,0
DA:111,0
DA:113,0
DA:115,0
DA:120,1
DA:121,1
DA:122,1
DA:126,1
DA:128,1
DA:129,0
DA:132,1
DA:143,1
DA:145,0
DA:150,2
DA:151,2
DA:153,2
DA:155,2
DA:156,1
DA:159,1
DA:161,1
DA:163,1
DA:168,1
DA:169,1
DA:171,1
DA:177,1
DA:179,0
DA:184,12
LF:55
LH:34
BRDA:24,0,0,0
BRDA:24,0,1,1
BRDA:30,1,0,0
BRDA:30,1,1,1
BRDA:128,2,0,0
BRDA:128,2,1,1
BRDA:155,3,0,1
BRDA:155,3,1,1
BRF:8
BRH:5
end_of_record
TN:
SF:Controllers\pub\threadMemberController.js
FN:4,(anonymous_0)
FN:22,(anonymous_1)
FN:35,(anonymous_2)
FN:57,(anonymous_3)
FN:80,(anonymous_4)
FN:99,(anonymous_5)
FN:108,(anonymous_6)
FNF:7
FNH:0
FNDA:0,(anonymous_0)
FNDA:0,(anonymous_1)
FNDA:0,(anonymous_2)
FNDA:0,(anonymous_3)
FNDA:0,(anonymous_4)
FNDA:0,(anonymous_5)
FNDA:0,(anonymous_6)
DA:1,12
DA:5,0
DA:6,0
DA:7,0
DA:8,0
DA:10,0
DA:11,0
DA:13,0
DA:14,0
DA:16,0
DA:18,0
DA:23,0
DA:24,0
DA:25,0
DA:27,0
DA:29,0
DA:31,0
DA:36,0
DA:37,0
DA:51,0
DA:53,0
DA:58,0
DA:59,0
DA:61,0
DA:74,0
DA:76,0
DA:81,0
DA:82,0
DA:84,0
DA:99,0
DA:100,0
DA:101,0
DA:105,0
DA:106,0
DA:108,0
DA:109,0
DA:110,0
DA:112,0
DA:116,0
DA:117,0
DA:120,0
DA:122,0
DA:127,12
LF:43
LH:2
BRDA:10,0,0,0
BRDA:10,0,1,0
BRDA:100,1,0,0
BRDA:100,1,1,0
BRDA:100,2,0,0
BRDA:100,2,1,0
BRDA:109,3,0,0
BRDA:109,3,1,0
BRDA:116,4,0,0
BRDA:116,4,1,0
BRF:10
BRH:0
end_of_record
TN:
SF:Controllers\pub\transactionController.js
FN:6,(anonymous_0)
FN:27,(anonymous_1)
FNF:2
FNH:0
FNDA:0,(anonymous_0)
FNDA:0,(anonymous_1)
DA:1,12
DA:2,12
DA:3,12
DA:7,0
DA:8,0
DA:9,0
DA:11,0
DA:22,0
DA:23,0
DA:27,0
DA:29,0
DA:30,0
DA:35,0
DA:47,0
DA:54,0
DA:55,0
DA:57,0
DA:76,0
DA:80,0
DA:81,0
DA:83,0
DA:84,0
DA:85,0
DA:90,12
LF:24
LH:4
BRDA:22,0,0,0
BRDA:22,0,1,0
BRF:2
BRH:0
end_of_record
TN:
SF:Controllers\pub\userController.js
FN:7,(anonymous_0)
FN:57,(anonymous_1)
FNF:2
FNH:2
FNDA:10,(anonymous_0)
FNDA:5,(anonymous_1)
DA:1,12
DA:2,12
DA:3,12
DA:4,12
DA:8,10
DA:9,10
DA:10,10
DA:12,10
DA:14,10
DA:15,0
DA:18,10
DA:28,4
DA:39,1
DA:41,1
DA:45,1
DA:52,9
DA:53,9
DA:58,5
DA:59,5
DA:61,5
DA:62,1
DA:64,4
DA:65,1
DA:68,3
DA:74,3
DA:75,3
DA:78,0
DA:80,0
DA:81,0
DA:84,0
DA:88,0
DA:95,5
DA:100,12
LF:33
LH:27
BRDA:14,0,0,0
BRDA:14,0,1,10
BRDA:61,1,0,1
BRDA:61,1,1,4
BRDA:64,2,0,1
BRDA:64,2,1,3
BRDA:74,3,0,3
BRDA:74,3,1,0
BRDA:80,4,0,0
BRDA:80,4,1,0
BRF:10
BRH:6
end_of_record
TN:
SF:helpers\bcrypt.js
FN:4,(anonymous_0)
FN:5,(anonymous_1)
FNF:2
FNH:2
FNDA:69,(anonymous_0)
FNDA:1,(anonymous_1)
DA:1,12
DA:3,12
DA:4,69
DA:5,1
LF:4
LH:4
BRF:0
BRH:0
end_of_record
TN:
SF:helpers\jwt.js
FN:5,(anonymous_0)
FN:6,(anonymous_1)
FNF:2
FNH:2
FNDA:2,(anonymous_0)
FNDA:56,(anonymous_1)
DA:1,12
DA:2,12
DA:4,12
DA:5,2
DA:6,56
LF:5
LH:5
BRF:0
BRH:0
end_of_record
TN:
SF:helpers\imagekit\imagekit.js
FN:4,imageKitHandle
FNF:1
FNH:1
FNDA:11,imageKitHandle
DA:1,12
DA:2,12
DA:5,11
DA:6,11
DA:8,11
DA:11,11
DA:13,11
DA:15,11
DA:24,11
DA:26,0
DA:30,12
LF:11
LH:10
BRF:0
BRH:0
end_of_record
TN:
SF:helpers\multer\config.js
FN:8,(anonymous_0)
FNF:1
FNH:1
FNDA:11,(anonymous_0)
DA:1,12
DA:2,12
DA:4,12
DA:6,12
DA:9,11
DA:10,11
DA:11,0
DA:13,11
DA:17,12
LF:9
LH:8
BRDA:10,0,0,0
BRDA:10,0,1,11
BRDA:10,1,0,11
BRDA:10,1,1,1
BRDA:10,1,2,1
BRDA:10,1,3,1
BRF:6
BRH:5
end_of_record
TN:
SF:lib\bulkInsertArticles.js
FN:5,bulkInsertArticles
FNF:1
FNH:1
FNDA:2,bulkInsertArticles
DA:1,2
DA:2,2
DA:3,2
DA:6,2
DA:12,2
DA:48,2
LF:6
LH:6
BRF:0
BRH:0
end_of_record
TN:
SF:lib\bulkInsertCategories.js
FN:5,bulkInsertCategories
FNF:1
FNH:1
FNDA:2,bulkInsertCategories
DA:1,2
DA:2,2
DA:3,2
DA:6,2
DA:12,2
DA:54,2
LF:6
LH:6
BRF:0
BRH:0
end_of_record
TN:
SF:lib\bulkInsertMountain.js
FN:6,bulkInsertMountains
FNF:1
FNH:1
FNDA:4,bulkInsertMountains
DA:1,4
DA:2,4
DA:3,4
DA:4,4
DA:7,4
DA:13,4
DA:60,4
LF:7
LH:7
BRF:0
BRH:0
end_of_record
TN:
SF:lib\bulkInsertProducts.js
FN:6,bulkInsertProducts
FNF:1
FNH:1
FNDA:3,bulkInsertProducts
DA:1,3
DA:2,3
DA:3,3
DA:4,3
DA:7,3
DA:13,3
DA:72,3
LF:7
LH:7
BRF:0
BRH:0
end_of_record
TN:
SF:lib\bulkInsertStores.js
FN:5,bulkInsertStores
FNF:1
FNH:1
FNDA:2,bulkInsertStores
DA:1,4
DA:2,4
DA:3,4
DA:6,2
DA:13,2
DA:53,4
LF:6
LH:6
BRF:0
BRH:0
end_of_record
TN:
SF:lib\bulkInsertThreads.js
FN:5,bulkInsertThreads
FNF:1
FNH:1
FNDA:1,bulkInsertThreads
DA:1,1
DA:2,1
DA:3,1
DA:6,1
DA:7,1
DA:13,1
DA:73,0
DA:78,1
LF:8
LH:7
BRF:0
BRH:0
end_of_record
TN:
SF:lib\bulkInsertTransaction.js
FN:5,bulkInsertTransaction
FNF:1
FNH:1
FNDA:1,bulkInsertTransaction
DA:1,1
DA:2,1
DA:3,1
DA:6,1
DA:12,1
DA:38,1
LF:6
LH:6
BRF:0
BRH:0
end_of_record
TN:
SF:lib\bulkInsertTransactionDetail.js
FN:5,bulkInsertTransactionDetail
FNF:1
FNH:1
FNDA:1,bulkInsertTransactionDetail
DA:1,1
DA:2,1
DA:3,1
DA:6,1
DA:12,1
DA:45,1
LF:6
LH:6
BRF:0
BRH:0
end_of_record
TN:
SF:lib\bulkInsertUserProfiles.js
FN:6,bulkInsertUserProfiles
FNF:1
FNH:1
FNDA:1,bulkInsertUserProfiles
DA:1,1
DA:2,1
DA:3,1
DA:4,1
DA:7,1
DA:13,1
DA:18,1
DA:67,1
LF:8
LH:8
BRF:0
BRH:0
end_of_record
TN:
SF:lib\bulkInsertUsers.js
FN:6,bulkInsertUsers
FNF:1
FNH:1
FNDA:8,bulkInsertUsers
DA:1,8
DA:2,8
DA:3,8
DA:4,8
DA:7,8
DA:13,8
DA:18,8
DA:61,8
LF:8
LH:8
BRF:0
BRH:0
end_of_record
TN:
SF:middlewares\authentication.js
FN:4,(anonymous_0)
FNF:1
FNH:1
FNDA:75,(anonymous_0)
DA:1,12
DA:2,12
DA:4,12
DA:5,75
DA:6,75
DA:8,75
DA:9,19
DA:11,56
DA:12,44
DA:14,44
DA:15,0
DA:18,44
DA:23,44
DA:25,31
DA:29,12
LF:15
LH:14
BRDA:8,0,0,19
BRDA:8,0,1,56
BRDA:14,1,0,0
BRDA:14,1,1,44
BRF:4
BRH:3
end_of_record
TN:
SF:middlewares\errorHandler.js
FN:1,errorHandler
FNF:1
FNH:1
FNDA:69,errorHandler
DA:2,69
DA:3,69
DA:4,35
DA:8,34
DA:9,18
DA:12,16
DA:13,4
DA:16,12
DA:17,12
DA:21,0
DA:27,12
LF:11
LH:10
BRDA:3,0,0,35
BRDA:3,0,1,34
BRDA:8,1,0,18
BRDA:8,1,1,16
BRDA:12,2,0,4
BRDA:12,2,1,12
BRDA:16,3,0,12
BRDA:16,3,1,0
BRF:8
BRH:7
end_of_record
TN:
SF:models\article.js
FN:5,(anonymous_0)
FN:7,(anonymous_1)
FNF:2
FNH:2
FNDA:12,(anonymous_0)
FNDA:12,(anonymous_1)
DA:4,12
DA:5,12
DA:9,12
DA:14,12
DA:67,12
LF:5
LH:5
BRF:0
BRH:0
end_of_record
TN:
SF:models\category.js
FN:5,(anonymous_0)
FN:7,(anonymous_1)
FNF:2
FNH:2
FNDA:12,(anonymous_0)
FNDA:12,(anonymous_1)
DA:4,12
DA:5,12
DA:9,12
DA:12,12
DA:29,12
LF:5
LH:5
BRF:0
BRH:0
end_of_record
TN:
SF:models\comment.js
FN:5,(anonymous_0)
FN:7,(anonymous_1)
FNF:2
FNH:2
FNDA:12,(anonymous_0)
FNDA:12,(anonymous_1)
DA:4,12
DA:5,12
DA:9,12
DA:14,12
DA:55,12
LF:5
LH:5
BRF:0
BRH:0
end_of_record
TN:
SF:models\equipment.js
FN:5,(anonymous_0)
FN:7,(anonymous_1)
FNF:2
FNH:2
FNDA:12,(anonymous_0)
FNDA:12,(anonymous_1)
DA:4,12
DA:5,12
DA:9,12
DA:14,12
DA:55,12
LF:5
LH:5
BRF:0
BRH:0
end_of_record
TN:
SF:models\index.js
FN:21,(anonymous_0)
FN:29,(anonymous_1)
FN:34,(anonymous_2)
FNF:3
FNH:3
FNDA:168,(anonymous_0)
FNDA:156,(anonymous_1)
FNDA:156,(anonymous_2)
DA:3,12
DA:4,12
DA:5,12
DA:6,12
DA:7,12
DA:8,12
DA:9,12
DA:10,12
DA:13,12
DA:14,0
DA:16,12
DA:19,12
DA:22,168
DA:30,156
DA:31,156
DA:34,12
DA:35,156
DA:36,156
DA:40,12
DA:41,12
DA:43,12
LF:21
LH:20
BRDA:8,0,0,12
BRDA:8,0,1,0
BRDA:13,1,0,0
BRDA:13,1,1,12
BRDA:23,2,0,168
BRDA:23,2,1,168
BRDA:23,2,2,156
BRDA:23,2,3,156
BRDA:35,3,0,156
BRDA:35,3,1,0
BRF:10
BRH:7
end_of_record
TN:
SF:models\mountain.js
FN:5,(anonymous_0)
FN:7,(anonymous_1)
FNF:2
FNH:2
FNDA:12,(anonymous_0)
FNDA:12,(anonymous_1)
DA:4,12
DA:5,12
DA:9,12
DA:10,12
DA:11,12
DA:14,12
DA:46,12
LF:7
LH:7
BRF:0
BRH:0
end_of_record
TN:
SF:models\product.js
FN:5,(anonymous_0)
FN:7,(anonymous_1)
FNF:2
FNH:2
FNDA:12,(anonymous_0)
FNDA:12,(anonymous_1)
DA:4,12
DA:5,12
DA:9,12
DA:10,12
DA:11,12
DA:14,12
DA:95,12
LF:7
LH:7
BRF:0
BRH:0
end_of_record
TN:
SF:models\profile.js
FN:5,(anonymous_0)
FN:7,(anonymous_1)
FNF:2
FNH:2
FNDA:12,(anonymous_0)
FNDA:12,(anonymous_1)
DA:4,12
DA:5,12
DA:9,12
DA:12,12
DA:78,12
LF:5
LH:5
BRF:0
BRH:0
end_of_record
TN:
SF:models\store.js
FN:5,(anonymous_0)
FN:7,(anonymous_1)
FNF:2
FNH:2
FNDA:12,(anonymous_0)
FNDA:12,(anonymous_1)
DA:4,12
DA:5,12
DA:9,12
DA:12,12
DA:13,12
DA:14,12
DA:17,12
DA:82,12
LF:8
LH:8
BRF:0
BRH:0
end_of_record
TN:
SF:models\thread.js
FN:3,(anonymous_0)
FN:5,(anonymous_1)
FNF:2
FNH:2
FNDA:12,(anonymous_0)
FNDA:12,(anonymous_1)
DA:2,12
DA:3,12
DA:7,12
DA:11,12
DA:12,12
DA:13,12
DA:16,12
DA:105,12
LF:8
LH:8
BRF:0
BRH:0
end_of_record
TN:
SF:models\threadmembers.js
FN:3,(anonymous_0)
FN:5,(anonymous_1)
FNF:2
FNH:2
FNDA:12,(anonymous_0)
FNDA:12,(anonymous_1)
DA:2,12
DA:3,12
DA:7,12
DA:8,12
DA:9,12
DA:12,12
DA:49,12
LF:7
LH:7
BRF:0
BRH:0
end_of_record
TN:
SF:models\transaction.js
FN:5,(anonymous_0)
FN:7,(anonymous_1)
FNF:2
FNH:2
FNDA:12,(anonymous_0)
FNDA:12,(anonymous_1)
DA:4,12
DA:5,12
DA:9,12
DA:12,12
DA:15,12
DA:61,12
LF:6
LH:6
BRF:0
BRH:0
end_of_record
TN:
SF:models\transactiondetail.js
FN:5,(anonymous_0)
FN:7,(anonymous_1)
FNF:2
FNH:2
FNDA:12,(anonymous_0)
FNDA:12,(anonymous_1)
DA:4,12
DA:5,12
DA:9,12
DA:10,12
DA:11,12
DA:14,12
DA:79,12
LF:7
LH:7
BRF:0
BRH:0
end_of_record
TN:
SF:models\user.js
FN:4,(anonymous_0)
FN:6,(anonymous_1)
FN:89,(anonymous_2)
FNF:3
FNH:3
FNDA:12,(anonymous_0)
FNDA:12,(anonymous_1)
FNDA:21,(anonymous_2)
DA:2,12
DA:3,12
DA:4,12
DA:8,12
DA:9,12
DA:12,12
DA:15,12
DA:18,12
DA:21,12
DA:24,12
DA:28,12
DA:31,12
DA:89,12
DA:90,21
DA:93,12
LF:15
LH:15
BRF:0
BRH:0
end_of_record
TN:
SF:routes\index.js
FNF:0
FNH:0
DA:1,12
DA:2,12
DA:3,12
DA:4,12
DA:5,12
DA:6,12
DA:8,12
DA:9,12
DA:10,12
DA:11,12
DA:13,12
LF:11
LH:11
BRF:0
BRH:0
end_of_record
TN:
SF:routes\admin\articles.js
FNF:0
FNH:0
DA:1,12
DA:2,12
DA:3,12
DA:4,12
DA:7,12
DA:8,12
DA:9,12
DA:10,12
DA:11,12
DA:13,12
LF:10
LH:10
BRF:0
BRH:0
end_of_record
TN:
SF:routes\admin\categories.js
FNF:0
FNH:0
DA:1,12
DA:2,12
DA:3,12
DA:5,12
DA:7,12
LF:5
LH:5
BRF:0
BRH:0
end_of_record
TN:
SF:routes\admin\index.js
FNF:0
FNH:0
DA:1,12
DA:2,12
DA:3,12
DA:4,12
DA:5,12
DA:6,12
DA:7,12
DA:8,12
DA:10,12
DA:11,12
DA:12,12
DA:13,12
DA:14,12
DA:15,12
DA:17,12
LF:15
LH:15
BRF:0
BRH:0
end_of_record
TN:
SF:routes\admin\mountains.js
FNF:0
FNH:0
DA:1,12
DA:2,12
DA:3,12
DA:5,12
DA:7,12
LF:5
LH:5
BRF:0
BRH:0
end_of_record
TN:
SF:routes\admin\products.js
FNF:0
FNH:0
DA:1,12
DA:2,12
DA:3,12
DA:4,12
DA:6,12
DA:7,12
DA:8,12
DA:9,12
DA:10,12
DA:11,12
DA:13,12
LF:11
LH:11
BRF:0
BRH:0
end_of_record
TN:
SF:routes\admin\stores.js
FNF:0
FNH:0
DA:1,12
DA:2,12
DA:3,12
DA:5,12
DA:6,12
DA:7,12
DA:8,12
DA:9,12
DA:11,12
LF:9
LH:9
BRF:0
BRH:0
end_of_record
TN:
SF:routes\admin\transactions.js
FNF:0
FNH:0
DA:1,12
DA:2,12
DA:3,12
DA:5,12
DA:6,12
DA:7,12
DA:9,12
LF:7
LH:7
BRF:0
BRH:0
end_of_record
TN:
SF:routes\pub\article.js
FNF:0
FNH:0
DA:1,12
DA:2,12
DA:3,12
DA:5,12
DA:6,12
DA:8,12
LF:6
LH:6
BRF:0
BRH:0
end_of_record
TN:
SF:routes\pub\categories.js
FNF:0
FNH:0
DA:1,12
DA:2,12
DA:3,12
DA:5,12
DA:6,12
DA:8,12
LF:6
LH:6
BRF:0
BRH:0
end_of_record
TN:
SF:routes\pub\index.js
FNF:0
FNH:0
DA:1,12
DA:2,12
DA:3,12
DA:4,12
DA:5,12
DA:6,12
DA:7,12
DA:8,12
DA:9,12
DA:11,12
DA:12,12
DA:13,12
DA:14,12
DA:15,12
DA:16,12
DA:17,12
DA:19,12
LF:17
LH:17
BRF:0
BRH:0
end_of_record
TN:
SF:routes\pub\mountain.js
FNF:0
FNH:0
DA:1,12
DA:2,12
DA:3,12
DA:5,12
DA:7,12
LF:5
LH:5
BRF:0
BRH:0
end_of_record
TN:
SF:routes\pub\products.js
FNF:0
FNH:0
DA:1,12
DA:2,12
DA:3,12
DA:5,12
DA:6,12
DA:8,12
LF:6
LH:6
BRF:0
BRH:0
end_of_record
TN:
SF:routes\pub\threadMember.js
FNF:0
FNH:0
DA:1,12
DA:2,12
DA:3,12
DA:5,12
DA:6,12
DA:7,12
DA:8,12
DA:9,12
DA:11,12
LF:9
LH:9
BRF:0
BRH:0
end_of_record
TN:
SF:routes\pub\threads.js
FNF:0
FNH:0
DA:1,12
DA:2,12
DA:3,12
DA:5,12
DA:6,12
DA:7,12
DA:8,12
DA:9,12
DA:10,12
DA:11,12
DA:13,12
LF:11
LH:11
BRF:0
BRH:0
end_of_record
TN:
SF:routes\pub\transactions.js
FNF:0
FNH:0
DA:1,12
DA:2,12
DA:3,12
DA:5,12
DA:6,12
LF:5
LH:5
BRF:0
BRH:0
end_of_record
TN:
SF:routes\user\index.js
FNF:0
FNH:0
DA:1,12
DA:2,12
DA:3,12
DA:4,12
DA:5,12
DA:7,12
DA:8,12
DA:10,12
DA:11,12
DA:13,12
LF:10
LH:10
BRF:0
BRH:0
end_of_record
